<?xml version="1.0" encoding="UTF-8"?>
<!DOCTYPE report PUBLIC "-//JACOCO//DTD Report 1.1//EN" "report.dtd">
<report name="edge-cases">
    <sessioninfo id="edge-cases-session" start="1707494400000" dump="1707498000000"/>
    <package name="src/empty">
        <sourcefile name="EmptyFile.java">
            <counter type="INSTRUCTION" missed="0" covered="0"/>
            <counter type="LINE" missed="0" covered="0"/>
            <counter type="COMPLEXITY" missed="0" covered="0"/>
            <counter type="METHOD" missed="0" covered="0"/>
            <counter type="CLASS" missed="0" covered="0"/>
        </sourcefile>
    </package>
    <package name="src/full">
        <sourcefile name="FullyCovered.java">
            <line nr="1" mi="0" ci="100" mb="0" cb="0"/>
            <line nr="2" mi="0" ci="100" mb="0" cb="0"/>
            <line nr="3" mi="0" ci="100" mb="0" cb="0"/>
            <line nr="4" mi="0" ci="100" mb="0" cb="0"/>
            <line nr="5" mi="0" ci="100" mb="0" cb="0"/>
            <counter type="INSTRUCTION" missed="0" covered="500"/>
            <counter type="LINE" missed="0" covered="5"/>
            <counter type="COMPLEXITY" missed="0" covered="1"/>
            <counter type="METHOD" missed="0" covered="1"/>
            <counter type="CLASS" missed="0" covered="1"/>
        </sourcefile>
    </package>
    <package name="src/none">
        <sourcefile name="NoCoverage.java">
            <line nr="1" mi="1" ci="0" mb="0" cb="0"/>
            <line nr="2" mi="1" ci="0" mb="0" cb="0"/>
            <line nr="3" mi="1" ci="0" mb="0" cb="0"/>
            <line nr="4" mi="1" ci="0" mb="0" cb="0"/>
            <line nr="5" mi="1" ci="0" mb="0" cb="0"/>
            <line nr="6" mi="1" ci="0" mb="0" cb="0"/>
            <line nr="7" mi="1" ci="0" mb="0" cb="0"/>
            <line nr="8" mi="1" ci="0" mb="0" cb="0"/>
            <counter type="INSTRUCTION" missed="8" covered="0"/>
            <counter type="LINE" missed="8" covered="0"/>
            <counter type="COMPLEXITY" missed="1" covered="0"/>
            <counter type="METHOD" missed="1" covered="0"/>
            <counter type="CLASS" missed="1" covered="0"/>
        </sourcefile>
    </package>
    <package name="src/unicode">
        <sourcefile name="TestUnicode.java">
            <line nr="1" mi="0" ci="3" mb="0" cb="0"/>
            <line nr="2" mi="0" ci="3" mb="0" cb="0"/>
            <line nr="3" mi="1" ci="0" mb="0" cb="0"/>
            <line nr="4" mi="0" ci="3" mb="0" cb="0"/>
            <counter type="INSTRUCTION" missed="1" covered="9"/>
            <counter type="LINE" missed="1" covered="3"/>
            <counter type="COMPLEXITY" missed="0" covered="1"/>
            <counter type="METHOD" missed="0" covered="1"/>
            <counter type="CLASS" missed="0" covered="1"/>
        </sourcefile>
    </package>
    <package name="src/spaced">
        <sourcefile name="TestFile.java">
            <line nr="1" mi="0" ci="2" mb="0" cb="0"/>
            <line nr="2" mi="0" ci="2" mb="0" cb="0"/>
            <line nr="3" mi="0" ci="2" mb="0" cb="0"/>
            <counter type="INSTRUCTION" missed="0" covered="6"/>
            <counter type="LINE" missed="0" covered="3"/>
            <counter type="COMPLEXITY" missed="0" covered="1"/>
            <counter type="METHOD" missed="0" covered="1"/>
            <counter type="CLASS" missed="0" covered="1"/>
        </sourcefile>
    </package>
    <package name="src/a/b/c/d/e/f/g/h/i/j">
        <sourcefile name="DeepNested.java">
            <line nr="1" mi="0" ci="1" mb="0" cb="0"/>
            <line nr="2" mi="0" ci="1" mb="0" cb="0"/>
            <line nr="3" mi="1" ci="0" mb="0" cb="0"/>
            <line nr="4" mi="1" ci="0" mb="0" cb="0"/>
            <line nr="5" mi="0" ci="1" mb="0" cb="0"/>
            <counter type="INSTRUCTION" missed="2" covered="3"/>
            <counter type="LINE" missed="2" covered="3"/>
            <counter type="COMPLEXITY" missed="0" covered="1"/>
            <counter type="METHOD" missed="0" covered="1"/>
            <counter type="CLASS" missed="0" covered="1"/>
        </sourcefile>
    </package>
    <counter type="INSTRUCTION" missed="11" covered="518"/>
    <counter type="LINE" missed="11" covered="14"/>
    <counter type="COMPLEXITY" missed="1" covered="5"/>
    <counter type="METHOD" missed="1" covered="5"/>
    <counter type="CLASS" missed="1" covered="5"/>
</report>
