<?xml version="1.0" encoding="UTF-8"?>
<!DOCTYPE report PUBLIC "-//JACOCO//DTD Report 1.1//EN" "report.dtd">
<report name="multi-module">
    <sessioninfo id="multi-module-session" start="1707494400000" dump="1707498000000"/>
    <package name="src/utils">
        <sourcefile name="Helpers.java">
            <line nr="1" mi="0" ci="10" mb="0" cb="0"/>
            <line nr="2" mi="0" ci="10" mb="0" cb="0"/>
            <line nr="3" mi="0" ci="10" mb="0" cb="0"/>
            <line nr="4" mi="0" ci="10" mb="0" cb="0"/>
            <line nr="5" mi="0" ci="10" mb="0" cb="0"/>
            <counter type="INSTRUCTION" missed="0" covered="50"/>
            <counter type="LINE" missed="0" covered="5"/>
            <counter type="COMPLEXITY" missed="0" covered="1"/>
            <counter type="METHOD" missed="0" covered="1"/>
            <counter type="CLASS" missed="0" covered="1"/>
        </sourcefile>
    </package>
    <package name="src/core">
        <sourcefile name="Engine.java">
            <line nr="1" mi="0" ci="7" mb="0" cb="0"/>
            <line nr="2" mi="0" ci="7" mb="0" cb="0"/>
            <line nr="3" mi="0" ci="7" mb="0" cb="0"/>
            <line nr="4" mi="1" ci="0" mb="0" cb="0"/>
            <line nr="5" mi="1" ci="0" mb="0" cb="0"/>
            <line nr="6" mi="0" ci="7" mb="0" cb="0"/>
            <line nr="7" mi="0" ci="7" mb="0" cb="0"/>
            <line nr="8" mi="0" ci="7" mb="0" cb="0"/>
            <line nr="9" mi="0" ci="7" mb="0" cb="0"/>
            <line nr="10" mi="0" ci="7" mb="0" cb="0"/>
            <line nr="11" mi="0" ci="7" mb="0" cb="0"/>
            <line nr="12" mi="0" ci="7" mb="0" cb="0"/>
            <line nr="13" mi="0" ci="7" mb="0" cb="0"/>
            <line nr="14" mi="0" ci="7" mb="0" cb="0"/>
            <line nr="15" mi="0" ci="3" mb="0" cb="0"/>
            <line nr="16" mi="0" ci="3" mb="0" cb="0"/>
            <line nr="17" mi="0" ci="3" mb="0" cb="0"/>
            <line nr="18" mi="1" ci="0" mb="0" cb="0"/>
            <line nr="19" mi="1" ci="0" mb="0" cb="0"/>
            <line nr="20" mi="1" ci="0" mb="0" cb="0"/>
            <counter type="INSTRUCTION" missed="5" covered="95"/>
            <counter type="LINE" missed="6" covered="14"/>
            <counter type="COMPLEXITY" missed="0" covered="2"/>
            <counter type="METHOD" missed="0" covered="2"/>
            <counter type="CLASS" missed="0" covered="1"/>
        </sourcefile>
    </package>
    <package name="src/models">
        <sourcefile name="User.java">
            <line nr="1" mi="0" ci="15" mb="0" cb="0"/>
            <line nr="2" mi="0" ci="15" mb="0" cb="0"/>
            <line nr="3" mi="0" ci="15" mb="0" cb="0"/>
            <line nr="4" mi="0" ci="15" mb="0" cb="0"/>
            <line nr="5" mi="0" ci="15" mb="0" cb="0"/>
            <line nr="6" mi="0" ci="15" mb="0" cb="0"/>
            <line nr="7" mi="0" ci="15" mb="0" cb="0"/>
            <line nr="8" mi="0" ci="15" mb="0" cb="0"/>
            <line nr="9" mi="1" ci="0" mb="0" cb="0"/>
            <line nr="10" mi="1" ci="0" mb="0" cb="0"/>
            <line nr="11" mi="1" ci="0" mb="0" cb="0"/>
            <line nr="12" mi="1" ci="0" mb="0" cb="0"/>
            <line nr="13" mi="1" ci="0" mb="0" cb="0"/>
            <line nr="14" mi="1" ci="0" mb="0" cb="0"/>
            <line nr="15" mi="1" ci="0" mb="0" cb="0"/>
            <counter type="INSTRUCTION" missed="7" covered="120"/>
            <counter type="LINE" missed="7" covered="8"/>
            <counter type="COMPLEXITY" missed="1" covered="1"/>
            <counter type="METHOD" missed="1" covered="1"/>
            <counter type="CLASS" missed="0" covered="1"/>
        </sourcefile>
    </package>
    <counter type="INSTRUCTION" missed="12" covered="265"/>
    <counter type="LINE" missed="13" covered="27"/>
    <counter type="COMPLEXITY" missed="1" covered="4"/>
    <counter type="METHOD" missed="1" covered="4"/>
    <counter type="CLASS" missed="0" covered="3"/>
</report>
