{"meta": {"format": 3, "version": "7.13.3", "timestamp": "2026-02-06T15:59:19.664203", "branch_coverage": false, "show_contexts": false}, "files": {"scripts/__init__.py": {"executed_lines": [], "summary": {"covered_lines": 0, "num_statements": 0, "percent_covered": 100.0, "percent_covered_display": "100", "missing_lines": 0, "excluded_lines": 0, "percent_statements_covered": 100.0, "percent_statements_covered_display": "100"}, "missing_lines": [], "excluded_lines": [], "functions": {"": {"executed_lines": [], "summary": {"covered_lines": 0, "num_statements": 0, "percent_covered": 100.0, "percent_covered_display": "100", "missing_lines": 0, "excluded_lines": 0, "percent_statements_covered": 100.0, "percent_statements_covered_display": "100"}, "missing_lines": [], "excluded_lines": [], "start_line": 1}}, "classes": {"": {"executed_lines": [], "summary": {"covered_lines": 0, "num_statements": 0, "percent_covered": 100.0, "percent_covered_display": "100", "missing_lines": 0, "excluded_lines": 0, "percent_statements_covered": 100.0, "percent_statements_covered_display": "100"}, "missing_lines": [], "excluded_lines": [], "start_line": 1}}}, "scripts/analyze.py": {"executed_lines": [], "summary": {"covered_lines": 0, "num_statements": 64, "percent_covered": 0.0, "percent_covered_display": "0", "missing_lines": 64, "excluded_lines": 0, "percent_statements_covered": 0.0, "percent_statements_covered_display": "0"}, "missing_lines": [8, 10, 11, 12, 13, 14, 15, 18, 19, 20, 22, 32, 33, 36, 42, 43, 44, 45, 46, 58, 70, 71, 72, 84, 85, 86, 93, 113, 115, 125, 135, 148, 149, 150, 151, 156, 161, 166, 168, 170, 171, 174, 176, 179, 180, 181, 182, 184, 185, 186, 189, 192, 194, 195, 196, 199, 202, 203, 214, 216, 219, 220, 223, 224], "excluded_lines": [], "functions": {"result_to_data_dict": {"executed_lines": [], "summary": {"covered_lines": 0, "num_statements": 13, "percent_covered": 0.0, "percent_covered_display": "0", "missing_lines": 13, "excluded_lines": 0, "percent_statements_covered": 0.0, "percent_statements_covered_display": "0"}, "missing_lines": [42, 43, 44, 45, 46, 58, 70, 71, 72, 84, 85, 86, 93], "excluded_lines": [], "start_line": 36}, "_directory_stats_to_dict": {"executed_lines": [], "summary": {"covered_lines": 0, "num_statements": 1, "percent_covered": 0.0, "percent_covered_display": "0", "missing_lines": 1, "excluded_lines": 0, "percent_statements_covered": 0.0, "percent_statements_covered_display": "0"}, "missing_lines": [115], "excluded_lines": [], "start_line": 113}, "to_envelope_format": {"executed_lines": [], "summary": {"covered_lines": 0, "num_statements": 1, "percent_covered": 0.0, "percent_covered_display": "0", "missing_lines": 1, "excluded_lines": 0, "percent_statements_covered": 0.0, "percent_statements_covered_display": "0"}, "missing_lines": [135], "excluded_lines": [], "start_line": 125}, "main": {"executed_lines": [], "summary": {"covered_lines": 0, "num_statements": 30, "percent_covered": 0.0, "percent_covered_display": "0", "missing_lines": 30, "excluded_lines": 0, "percent_statements_covered": 0.0, "percent_statements_covered_display": "0"}, "missing_lines": [149, 150, 151, 156, 161, 166, 168, 170, 171, 174, 176, 179, 180, 181, 182, 184, 185, 186, 189, 192, 194, 195, 196, 199, 202, 203, 214, 216, 219, 220], "excluded_lines": [], "start_line": 148}, "": {"executed_lines": [], "summary": {"covered_lines": 0, "num_statements": 19, "percent_covered": 0.0, "percent_covered_display": "0", "missing_lines": 19, "excluded_lines": 0, "percent_statements_covered": 0.0, "percent_statements_covered_display": "0"}, "missing_lines": [8, 10, 11, 12, 13, 14, 15, 18, 19, 20, 22, 32, 33, 36, 113, 125, 148, 223, 224], "excluded_lines": [], "start_line": 1}}, "classes": {"": {"executed_lines": [], "summary": {"covered_lines": 0, "num_statements": 64, "percent_covered": 0.0, "percent_covered_display": "0", "missing_lines": 64, "excluded_lines": 0, "percent_statements_covered": 0.0, "percent_statements_covered_display": "0"}, "missing_lines": [8, 10, 11, 12, 13, 14, 15, 18, 19, 20, 22, 32, 33, 36, 42, 43, 44, 45, 46, 58, 70, 71, 72, 84, 85, 86, 93, 113, 115, 125, 135, 148, 149, 150, 151, 156, 161, 166, 168, 170, 171, 174, 176, 179, 180, 181, 182, 184, 185, 186, 189, 192, 194, 195, 196, 199, 202, 203, 214, 216, 219, 220, 223, 224], "excluded_lines": [], "start_line": 1}}}, "scripts/checks/__init__.py": {"executed_lines": [12, 13, 14, 15, 16, 19, 21, 22, 23, 24, 25, 26, 30, 49, 50, 58, 60, 62, 73, 74, 81, 82, 84, 86, 87, 89, 91, 92, 94, 96, 97, 99, 101, 103, 104, 106, 107, 108, 109, 110, 111, 113, 118, 119, 133, 134, 136, 137, 138, 140, 143, 145, 169, 194, 203, 205, 206, 207, 208, 209, 210, 211, 214, 224, 234, 236, 237, 238, 239, 240, 241, 242, 245, 248, 259, 261, 262, 263, 264, 265, 270, 271, 272, 273, 274, 275, 278, 279, 281, 284, 296, 298, 302, 303, 304, 305, 306, 307, 309], "summary": {"covered_lines": 99, "num_statements": 153, "percent_covered": 64.70588235294117, "percent_covered_display": "65", "missing_lines": 54, "excluded_lines": 0, "percent_statements_covered": 64.70588235294117, "percent_statements_covered_display": "65"}, "missing_lines": [100, 121, 122, 123, 124, 125, 126, 128, 139, 141, 147, 176, 177, 180, 181, 182, 183, 186, 187, 188, 189, 191, 196, 197, 198, 199, 200, 216, 217, 218, 219, 220, 221, 226, 227, 228, 229, 230, 231, 244, 250, 251, 252, 253, 254, 255, 256, 286, 287, 288, 290, 291, 292, 293], "excluded_lines": [], "functions": {"CheckResult.to_dict": {"executed_lines": [62], "summary": {"covered_lines": 1, "num_statements": 1, "percent_covered": 100.0, "percent_covered_display": "100", "missing_lines": 0, "excluded_lines": 0, "percent_statements_covered": 100.0, "percent_statements_covered_display": "100"}, "missing_lines": [], "excluded_lines": [], "start_line": 60}, "EvaluationReport.passed": {"executed_lines": [84], "summary": {"covered_lines": 1, "num_statements": 1, "percent_covered": 100.0, "percent_covered_display": "100", "missing_lines": 0, "excluded_lines": 0, "percent_statements_covered": 100.0, "percent_statements_covered_display": "100"}, "missing_lines": [], "excluded_lines": [], "start_line": 82}, "EvaluationReport.failed": {"executed_lines": [89], "summary": {"covered_lines": 1, "num_statements": 1, "percent_covered": 100.0, "percent_covered_display": "100", "missing_lines": 0, "excluded_lines": 0, "percent_statements_covered": 100.0, "percent_statements_covered_display": "100"}, "missing_lines": [], "excluded_lines": [], "start_line": 87}, "EvaluationReport.total": {"executed_lines": [94], "summary": {"covered_lines": 1, "num_statements": 1, "percent_covered": 100.0, "percent_covered_display": "100", "missing_lines": 0, "excluded_lines": 0, "percent_statements_covered": 100.0, "percent_statements_covered_display": "100"}, "missing_lines": [], "excluded_lines": [], "start_line": 92}, "EvaluationReport.score": {"executed_lines": [99, 101], "summary": {"covered_lines": 2, "num_statements": 3, "percent_covered": 66.66666666666667, "percent_covered_display": "67", "missing_lines": 1, "excluded_lines": 0, "percent_statements_covered": 66.66666666666667, "percent_statements_covered_display": "67"}, "missing_lines": [100], "excluded_lines": [], "start_line": 97}, "EvaluationReport.score_by_category": {"executed_lines": [106, 107, 108, 109, 110, 111, 113], "summary": {"covered_lines": 7, "num_statements": 7, "percent_covered": 100.0, "percent_covered_display": "100", "missing_lines": 0, "excluded_lines": 0, "percent_statements_covered": 100.0, "percent_statements_covered_display": "100"}, "missing_lines": [], "excluded_lines": [], "start_line": 104}, "EvaluationReport.passed_by_category": {"executed_lines": [], "summary": {"covered_lines": 0, "num_statements": 7, "percent_covered": 0.0, "percent_covered_display": "0", "missing_lines": 7, "excluded_lines": 0, "percent_statements_covered": 0.0, "percent_statements_covered_display": "0"}, "missing_lines": [121, 122, 123, 124, 125, 126, 128], "excluded_lines": [], "start_line": 119}, "EvaluationReport.decision": {"executed_lines": [136, 137, 138, 140, 143], "summary": {"covered_lines": 5, "num_statements": 7, "percent_covered": 71.42857142857143, "percent_covered_display": "71", "missing_lines": 2, "excluded_lines": 0, "percent_statements_covered": 71.42857142857143, "percent_statements_covered_display": "71"}, "missing_lines": [139, 141], "excluded_lines": [], "start_line": 134}, "EvaluationReport.to_dict": {"executed_lines": [], "summary": {"covered_lines": 0, "num_statements": 1, "percent_covered": 0.0, "percent_covered_display": "0", "missing_lines": 1, "excluded_lines": 0, "percent_statements_covered": 0.0, "percent_statements_covered_display": "0"}, "missing_lines": [147], "excluded_lines": [], "start_line": 145}, "load_analysis": {"executed_lines": [], "summary": {"covered_lines": 0, "num_statements": 11, "percent_covered": 0.0, "percent_covered_display": "0", "missing_lines": 11, "excluded_lines": 0, "percent_statements_covered": 0.0, "percent_statements_covered_display": "0"}, "missing_lines": [176, 177, 180, 181, 182, 183, 186, 187, 188, 189, 191], "excluded_lines": [], "start_line": 169}, "load_ground_truth": {"executed_lines": [], "summary": {"covered_lines": 0, "num_statements": 5, "percent_covered": 0.0, "percent_covered_display": "0", "missing_lines": 5, "excluded_lines": 0, "percent_statements_covered": 0.0, "percent_statements_covered_display": "0"}, "missing_lines": [196, 197, 198, 199, 200], "excluded_lines": [], "start_line": 194}, "load_all_ground_truth": {"executed_lines": [205, 206, 207, 208, 209, 210, 211], "summary": {"covered_lines": 7, "num_statements": 7, "percent_covered": 100.0, "percent_covered_display": "100", "missing_lines": 0, "excluded_lines": 0, "percent_statements_covered": 100.0, "percent_statements_covered_display": "100"}, "missing_lines": [], "excluded_lines": [], "start_line": 203}, "normalize_path": {"executed_lines": [], "summary": {"covered_lines": 0, "num_statements": 6, "percent_covered": 0.0, "percent_covered_display": "0", "missing_lines": 6, "excluded_lines": 0, "percent_statements_covered": 0.0, "percent_statements_covered_display": "0"}, "missing_lines": [216, 217, 218, 219, 220, 221], "excluded_lines": [], "start_line": 214}, "get_file_from_analysis": {"executed_lines": [], "summary": {"covered_lines": 0, "num_statements": 6, "percent_covered": 0.0, "percent_covered_display": "0", "missing_lines": 6, "excluded_lines": 0, "percent_statements_covered": 0.0, "percent_statements_covered_display": "0"}, "missing_lines": [226, 227, 228, 229, 230, 231], "excluded_lines": [], "start_line": 224}, "get_issues_by_category": {"executed_lines": [236, 237, 238, 239, 240, 241, 242, 245], "summary": {"covered_lines": 8, "num_statements": 9, "percent_covered": 88.88888888888889, "percent_covered_display": "89", "missing_lines": 1, "excluded_lines": 0, "percent_statements_covered": 88.88888888888889, "percent_statements_covered_display": "89"}, "missing_lines": [244], "excluded_lines": [], "start_line": 234}, "get_issues_by_severity": {"executed_lines": [], "summary": {"covered_lines": 0, "num_statements": 7, "percent_covered": 0.0, "percent_covered_display": "0", "missing_lines": 7, "excluded_lines": 0, "percent_statements_covered": 0.0, "percent_statements_covered_display": "0"}, "missing_lines": [250, 251, 252, 253, 254, 255, 256], "excluded_lines": [], "start_line": 248}, "get_language_stats": {"executed_lines": [261, 262, 263, 264, 265, 270, 271, 272, 273, 274, 275, 278, 279, 281], "summary": {"covered_lines": 14, "num_statements": 14, "percent_covered": 100.0, "percent_covered_display": "100", "missing_lines": 0, "excluded_lines": 0, "percent_statements_covered": 100.0, "percent_statements_covered_display": "100"}, "missing_lines": [], "excluded_lines": [], "start_line": 259}, "count_findings_for_file": {"executed_lines": [], "summary": {"covered_lines": 0, "num_statements": 7, "percent_covered": 0.0, "percent_covered_display": "0", "missing_lines": 7, "excluded_lines": 0, "percent_statements_covered": 0.0, "percent_statements_covered_display": "0"}, "missing_lines": [286, 287, 288, 290, 291, 292, 293], "excluded_lines": [], "start_line": 284}, "count_findings_by_category": {"executed_lines": [298], "summary": {"covered_lines": 1, "num_statements": 1, "percent_covered": 100.0, "percent_covered_display": "100", "missing_lines": 0, "excluded_lines": 0, "percent_statements_covered": 100.0, "percent_statements_covered_display": "100"}, "missing_lines": [], "excluded_lines": [], "start_line": 296}, "": {"executed_lines": [12, 13, 14, 15, 16, 19, 21, 22, 23, 24, 25, 26, 30, 49, 50, 58, 60, 73, 74, 81, 82, 86, 87, 91, 92, 96, 97, 103, 104, 118, 119, 133, 134, 145, 169, 194, 203, 214, 224, 234, 248, 259, 284, 296, 302, 303, 304, 305, 306, 307, 309], "summary": {"covered_lines": 51, "num_statements": 51, "percent_covered": 100.0, "percent_covered_display": "100", "missing_lines": 0, "excluded_lines": 0, "percent_statements_covered": 100.0, "percent_statements_covered_display": "100"}, "missing_lines": [], "excluded_lines": [], "start_line": 1}}, "classes": {"CheckCategory": {"executed_lines": [], "summary": {"covered_lines": 0, "num_statements": 0, "percent_covered": 100.0, "percent_covered_display": "100", "missing_lines": 0, "excluded_lines": 0, "percent_statements_covered": 100.0, "percent_statements_covered_display": "100"}, "missing_lines": [], "excluded_lines": [], "start_line": 19}, "CheckResult": {"executed_lines": [62], "summary": {"covered_lines": 1, "num_statements": 1, "percent_covered": 100.0, "percent_covered_display": "100", "missing_lines": 0, "excluded_lines": 0, "percent_statements_covered": 100.0, "percent_statements_covered_display": "100"}, "missing_lines": [], "excluded_lines": [], "start_line": 50}, "EvaluationReport": {"executed_lines": [84, 89, 94, 99, 101, 106, 107, 108, 109, 110, 111, 113, 136, 137, 138, 140, 143], "summary": {"covered_lines": 17, "num_statements": 28, "percent_covered": 60.714285714285715, "percent_covered_display": "61", "missing_lines": 11, "excluded_lines": 0, "percent_statements_covered": 60.714285714285715, "percent_statements_covered_display": "61"}, "missing_lines": [100, 121, 122, 123, 124, 125, 126, 128, 139, 141, 147], "excluded_lines": [], "start_line": 74}, "": {"executed_lines": [12, 13, 14, 15, 16, 19, 21, 22, 23, 24, 25, 26, 30, 49, 50, 58, 60, 73, 74, 81, 82, 86, 87, 91, 92, 96, 97, 103, 104, 118, 119, 133, 134, 145, 169, 194, 203, 205, 206, 207, 208, 209, 210, 211, 214, 224, 234, 236, 237, 238, 239, 240, 241, 242, 245, 248, 259, 261, 262, 263, 264, 265, 270, 271, 272, 273, 274, 275, 278, 279, 281, 284, 296, 298, 302, 303, 304, 305, 306, 307, 309], "summary": {"covered_lines": 81, "num_statements": 124, "percent_covered": 65.3225806451613, "percent_covered_display": "65", "missing_lines": 43, "excluded_lines": 0, "percent_statements_covered": 65.3225806451613, "percent_statements_covered_display": "65"}, "missing_lines": [176, 177, 180, 181, 182, 183, 186, 187, 188, 189, 191, 196, 197, 198, 199, 200, 216, 217, 218, 219, 220, 221, 226, 227, 228, 229, 230, 231, 244, 250, 251, 252, 253, 254, 255, 256, 286, 287, 288, 290, 291, 292, 293], "excluded_lines": [], "start_line": 1}}}, "scripts/checks/accuracy.py": {"executed_lines": [15, 25, 30, 31, 34, 35, 36, 37, 59, 60, 61, 62, 84, 85, 86, 93, 94, 95, 109, 110, 111, 112, 134, 135, 136, 137, 159, 160, 161, 162, 168, 169, 170, 184, 185, 196, 197, 207, 210, 212, 213, 215, 216, 217, 219, 220, 221, 222, 223, 225, 228, 230, 244, 246, 247, 249, 251, 253, 256, 259, 261, 265, 266, 269, 270, 271, 274, 277, 279, 280, 281, 284, 285, 287, 288, 289, 290, 291, 292, 294, 295, 297, 308, 310, 311, 312, 313, 316, 318, 319, 320, 322, 323, 324, 325, 327, 328, 331, 333, 334, 335, 337, 339], "summary": {"covered_lines": 103, "num_statements": 123, "percent_covered": 83.73983739837398, "percent_covered_display": "84", "missing_lines": 20, "excluded_lines": 0, "percent_statements_covered": 83.73983739837398, "percent_statements_covered_display": "84"}, "missing_lines": [43, 44, 45, 68, 69, 70, 87, 118, 119, 120, 143, 144, 145, 218, 250, 252, 254, 263, 267, 272], "excluded_lines": [], "functions": {"run_accuracy_checks": {"executed_lines": [30, 31, 34, 35, 36, 37, 59, 60, 61, 62, 84, 85, 86, 93, 94, 95, 109, 110, 111, 112, 134, 135, 136, 137, 159, 160, 161, 162, 168, 169, 170, 184, 185, 196, 197, 207], "summary": {"covered_lines": 36, "num_statements": 49, "percent_covered": 73.46938775510205, "percent_covered_display": "73", "missing_lines": 13, "excluded_lines": 0, "percent_statements_covered": 73.46938775510205, "percent_statements_covered_display": "73"}, "missing_lines": [43, 44, 45, 68, 69, 70, 87, 118, 119, 120, 143, 144, 145], "excluded_lines": [], "start_line": 25}, "_get_expected_count": {"executed_lines": [212, 213, 215, 216, 217, 219, 220, 221, 222, 223, 225], "summary": {"covered_lines": 11, "num_statements": 12, "percent_covered": 91.66666666666667, "percent_covered_display": "92", "missing_lines": 1, "excluded_lines": 0, "percent_statements_covered": 91.66666666666667, "percent_statements_covered_display": "92"}, "missing_lines": [218], "excluded_lines": [], "start_line": 210}, "_skipped_check": {"executed_lines": [230], "summary": {"covered_lines": 1, "num_statements": 1, "percent_covered": 100.0, "percent_covered_display": "100", "missing_lines": 0, "excluded_lines": 0, "percent_statements_covered": 100.0, "percent_statements_covered_display": "100"}, "missing_lines": [], "excluded_lines": [], "start_line": 228}, "_matches_category": {"executed_lines": [246, 247, 249, 251, 253, 256], "summary": {"covered_lines": 6, "num_statements": 9, "percent_covered": 66.66666666666667, "percent_covered_display": "67", "missing_lines": 3, "excluded_lines": 0, "percent_statements_covered": 66.66666666666667, "percent_statements_covered_display": "67"}, "missing_lines": [250, 252, 254], "excluded_lines": [], "start_line": 244}, "_compute_detection_score": {"executed_lines": [261, 265, 266, 269, 270, 271, 274], "summary": {"covered_lines": 7, "num_statements": 10, "percent_covered": 70.0, "percent_covered_display": "70", "missing_lines": 3, "excluded_lines": 0, "percent_statements_covered": 70.0, "percent_statements_covered_display": "70"}, "missing_lines": [263, 267, 272], "excluded_lines": [], "start_line": 259}, "_check_false_positive_rate": {"executed_lines": [279, 280, 281, 284, 285, 287, 288, 289, 290, 291, 292, 294, 295, 297], "summary": {"covered_lines": 14, "num_statements": 14, "percent_covered": 100.0, "percent_covered_display": "100", "missing_lines": 0, "excluded_lines": 0, "percent_statements_covered": 100.0, "percent_statements_covered_display": "100"}, "missing_lines": [], "excluded_lines": [], "start_line": 277}, "_count_file_findings": {"executed_lines": [310, 311, 312, 313], "summary": {"covered_lines": 4, "num_statements": 4, "percent_covered": 100.0, "percent_covered_display": "100", "missing_lines": 0, "excluded_lines": 0, "percent_statements_covered": 100.0, "percent_statements_covered_display": "100"}, "missing_lines": [], "excluded_lines": [], "start_line": 308}, "_compute_precision_recall": {"executed_lines": [318, 319, 320, 322, 323, 324, 325, 327, 328, 331, 333, 334, 335, 337, 339], "summary": {"covered_lines": 15, "num_statements": 15, "percent_covered": 100.0, "percent_covered_display": "100", "missing_lines": 0, "excluded_lines": 0, "percent_statements_covered": 100.0, "percent_statements_covered_display": "100"}, "missing_lines": [], "excluded_lines": [], "start_line": 316}, "": {"executed_lines": [15, 25, 210, 228, 244, 259, 277, 308, 316], "summary": {"covered_lines": 9, "num_statements": 9, "percent_covered": 100.0, "percent_covered_display": "100", "missing_lines": 0, "excluded_lines": 0, "percent_statements_covered": 100.0, "percent_statements_covered_display": "100"}, "missing_lines": [], "excluded_lines": [], "start_line": 1}}, "classes": {"": {"executed_lines": [15, 25, 30, 31, 34, 35, 36, 37, 59, 60, 61, 62, 84, 85, 86, 93, 94, 95, 109, 110, 111, 112, 134, 135, 136, 137, 159, 160, 161, 162, 168, 169, 170, 184, 185, 196, 197, 207, 210, 212, 213, 215, 216, 217, 219, 220, 221, 222, 223, 225, 228, 230, 244, 246, 247, 249, 251, 253, 256, 259, 261, 265, 266, 269, 270, 271, 274, 277, 279, 280, 281, 284, 285, 287, 288, 289, 290, 291, 292, 294, 295, 297, 308, 310, 311, 312, 313, 316, 318, 319, 320, 322, 323, 324, 325, 327, 328, 331, 333, 334, 335, 337, 339], "summary": {"covered_lines": 103, "num_statements": 123, "percent_covered": 83.73983739837398, "percent_covered_display": "84", "missing_lines": 20, "excluded_lines": 0, "percent_statements_covered": 83.73983739837398, "percent_statements_covered_display": "84"}, "missing_lines": [43, 44, 45, 68, 69, 70, 87, 118, 119, 120, 143, 144, 145, 218, 250, 252, 254, 263, 267, 272], "excluded_lines": [], "start_line": 1}}}, "scripts/checks/coverage.py": {"executed_lines": [15, 24, 27, 32, 33, 34, 35, 37, 38, 39, 40, 41, 44, 53, 54, 55, 60, 63, 64, 65, 66, 67, 69, 70, 71, 72, 73, 75, 76, 77, 83, 84, 85, 86, 87, 88, 89, 92, 94, 109, 110, 111, 112, 113, 115, 116, 118, 132, 133, 141, 142, 145, 146, 147, 149, 150, 151, 153, 155, 171, 174, 176, 177, 178, 179, 180, 181, 185, 188, 190], "summary": {"covered_lines": 70, "num_statements": 75, "percent_covered": 93.33333333333333, "percent_covered_display": "93", "missing_lines": 5, "excluded_lines": 0, "percent_statements_covered": 93.33333333333333, "percent_statements_covered_display": "93"}, "missing_lines": [134, 139, 182, 183, 184], "excluded_lines": [], "functions": {"run_coverage_checks": {"executed_lines": [32, 33, 34, 35, 37, 38, 39, 40, 41, 44, 53, 54, 55, 60, 63, 64, 65, 66, 67, 69, 70, 71, 72, 73, 75, 76, 77, 83, 84, 85, 86, 87, 88, 89, 92, 94, 109, 110, 111, 112, 113, 115, 116, 118, 132, 133, 141, 142, 145, 146, 147, 149, 150, 151, 153, 155, 171], "summary": {"covered_lines": 57, "num_statements": 59, "percent_covered": 96.61016949152543, "percent_covered_display": "97", "missing_lines": 2, "excluded_lines": 0, "percent_statements_covered": 96.61016949152543, "percent_statements_covered_display": "97"}, "missing_lines": [134, 139], "excluded_lines": [], "start_line": 27}, "_collect_expected_categories": {"executed_lines": [176, 177, 178, 179, 180, 181, 185], "summary": {"covered_lines": 7, "num_statements": 10, "percent_covered": 70.0, "percent_covered_display": "70", "missing_lines": 3, "excluded_lines": 0, "percent_statements_covered": 70.0, "percent_statements_covered_display": "70"}, "missing_lines": [182, 183, 184], "excluded_lines": [], "start_line": 174}, "_skipped_check": {"executed_lines": [190], "summary": {"covered_lines": 1, "num_statements": 1, "percent_covered": 100.0, "percent_covered_display": "100", "missing_lines": 0, "excluded_lines": 0, "percent_statements_covered": 100.0, "percent_statements_covered_display": "100"}, "missing_lines": [], "excluded_lines": [], "start_line": 188}, "": {"executed_lines": [15, 24, 27, 174, 188], "summary": {"covered_lines": 5, "num_statements": 5, "percent_covered": 100.0, "percent_covered_display": "100", "missing_lines": 0, "excluded_lines": 0, "percent_statements_covered": 100.0, "percent_statements_covered_display": "100"}, "missing_lines": [], "excluded_lines": [], "start_line": 1}}, "classes": {"": {"executed_lines": [15, 24, 27, 32, 33, 34, 35, 37, 38, 39, 40, 41, 44, 53, 54, 55, 60, 63, 64, 65, 66, 67, 69, 70, 71, 72, 73, 75, 76, 77, 83, 84, 85, 86, 87, 88, 89, 92, 94, 109, 110, 111, 112, 113, 115, 116, 118, 132, 133, 141, 142, 145, 146, 147, 149, 150, 151, 153, 155, 171, 174, 176, 177, 178, 179, 180, 181, 185, 188, 190], "summary": {"covered_lines": 70, "num_statements": 75, "percent_covered": 93.33333333333333, "percent_covered_display": "93", "missing_lines": 5, "excluded_lines": 0, "percent_statements_covered": 93.33333333333333, "percent_statements_covered_display": "93"}, "missing_lines": [134, 139, 182, 183, 184], "excluded_lines": [], "start_line": 1}}}, "scripts/checks/edge_cases.py": {"executed_lines": [15, 22, 26, 27, 30, 31, 33, 47, 49, 50, 52, 66, 67, 69, 87, 88, 90, 105, 106, 108, 122, 123, 125, 139, 140, 142, 154, 156, 168, 171, 173, 174, 175, 180, 183, 185, 186, 188, 189, 195, 198, 200, 203, 208], "summary": {"covered_lines": 44, "num_statements": 51, "percent_covered": 86.27450980392157, "percent_covered_display": "86", "missing_lines": 7, "excluded_lines": 0, "percent_statements_covered": 86.27450980392157, "percent_statements_covered_display": "86"}, "missing_lines": [176, 178, 179, 190, 191, 193, 194], "excluded_lines": [], "functions": {"run_edge_case_checks": {"executed_lines": [26, 27, 30, 31, 33, 47, 49, 50, 52, 66, 67, 69, 87, 88, 90, 105, 106, 108, 122, 123, 125, 139, 140, 142, 154, 156, 168], "summary": {"covered_lines": 27, "num_statements": 27, "percent_covered": 100.0, "percent_covered_display": "100", "missing_lines": 0, "excluded_lines": 0, "percent_statements_covered": 100.0, "percent_statements_covered_display": "100"}, "missing_lines": [], "excluded_lines": [], "start_line": 22}, "_check_comment_false_positives": {"executed_lines": [173, 174, 175, 180], "summary": {"covered_lines": 4, "num_statements": 7, "percent_covered": 57.142857142857146, "percent_covered_display": "57", "missing_lines": 3, "excluded_lines": 0, "percent_statements_covered": 57.142857142857146, "percent_statements_covered_display": "57"}, "missing_lines": [176, 178, 179], "excluded_lines": [], "start_line": 171}, "_check_string_false_positives": {"executed_lines": [185, 186, 188, 189, 195], "summary": {"covered_lines": 5, "num_statements": 9, "percent_covered": 55.55555555555556, "percent_covered_display": "56", "missing_lines": 4, "excluded_lines": 0, "percent_statements_covered": 55.55555555555556, "percent_statements_covered_display": "56"}, "missing_lines": [190, 191, 193, 194], "excluded_lines": [], "start_line": 183}, "_check_minified_handling": {"executed_lines": [200, 203, 208], "summary": {"covered_lines": 3, "num_statements": 3, "percent_covered": 100.0, "percent_covered_display": "100", "missing_lines": 0, "excluded_lines": 0, "percent_statements_covered": 100.0, "percent_statements_covered_display": "100"}, "missing_lines": [], "excluded_lines": [], "start_line": 198}, "": {"executed_lines": [15, 22, 171, 183, 198], "summary": {"covered_lines": 5, "num_statements": 5, "percent_covered": 100.0, "percent_covered_display": "100", "missing_lines": 0, "excluded_lines": 0, "percent_statements_covered": 100.0, "percent_statements_covered_display": "100"}, "missing_lines": [], "excluded_lines": [], "start_line": 1}}, "classes": {"": {"executed_lines": [15, 22, 26, 27, 30, 31, 33, 47, 49, 50, 52, 66, 67, 69, 87, 88, 90, 105, 106, 108, 122, 123, 125, 139, 140, 142, 154, 156, 168, 171, 173, 174, 175, 180, 183, 185, 186, 188, 189, 195, 198, 200, 203, 208], "summary": {"covered_lines": 44, "num_statements": 51, "percent_covered": 86.27450980392157, "percent_covered_display": "86", "missing_lines": 7, "excluded_lines": 0, "percent_statements_covered": 86.27450980392157, "percent_statements_covered_display": "86"}, "missing_lines": [176, 178, 179, 190, 191, 193, 194], "excluded_lines": [], "start_line": 1}}}, "scripts/checks/integration_fit.py": {"executed_lines": [3, 5, 8, 10, 11, 12, 14, 15, 18, 19, 20, 21, 30], "summary": {"covered_lines": 13, "num_statements": 14, "percent_covered": 92.85714285714286, "percent_covered_display": "93", "missing_lines": 1, "excluded_lines": 0, "percent_statements_covered": 92.85714285714286, "percent_statements_covered_display": "93"}, "missing_lines": [16], "excluded_lines": [], "functions": {"run_integration_fit_checks": {"executed_lines": [10, 11, 12, 14, 15, 18, 19, 20, 21, 30], "summary": {"covered_lines": 10, "num_statements": 11, "percent_covered": 90.9090909090909, "percent_covered_display": "91", "missing_lines": 1, "excluded_lines": 0, "percent_statements_covered": 90.9090909090909, "percent_statements_covered_display": "91"}, "missing_lines": [16], "excluded_lines": [], "start_line": 8}, "": {"executed_lines": [3, 5, 8], "summary": {"covered_lines": 3, "num_statements": 3, "percent_covered": 100.0, "percent_covered_display": "100", "missing_lines": 0, "excluded_lines": 0, "percent_statements_covered": 100.0, "percent_statements_covered_display": "100"}, "missing_lines": [], "excluded_lines": [], "start_line": 1}}, "classes": {"": {"executed_lines": [3, 5, 8, 10, 11, 12, 14, 15, 18, 19, 20, 21, 30], "summary": {"covered_lines": 13, "num_statements": 14, "percent_covered": 92.85714285714286, "percent_covered_display": "93", "missing_lines": 1, "excluded_lines": 0, "percent_statements_covered": 92.85714285714286, "percent_statements_covered_display": "93"}, "missing_lines": [16], "excluded_lines": [], "start_line": 1}}}, "scripts/checks/output_quality.py": {"executed_lines": [3, 6, 13, 16, 35, 36, 37, 38, 40, 41, 42, 43, 44, 46, 47, 49, 52, 54, 55, 57, 58, 66, 68, 69, 78], "summary": {"covered_lines": 25, "num_statements": 37, "percent_covered": 67.56756756756756, "percent_covered_display": "68", "missing_lines": 12, "excluded_lines": 0, "percent_statements_covered": 67.56756756756756, "percent_statements_covered_display": "68"}, "missing_lines": [18, 19, 20, 21, 22, 24, 25, 26, 27, 28, 30, 31], "excluded_lines": [], "functions": {"_validate_root_payload": {"executed_lines": [13, 16, 35, 36, 37, 38, 40, 41, 42, 43, 44, 46, 47, 49], "summary": {"covered_lines": 14, "num_statements": 26, "percent_covered": 53.84615384615385, "percent_covered_display": "54", "missing_lines": 12, "excluded_lines": 0, "percent_statements_covered": 53.84615384615385, "percent_statements_covered_display": "54"}, "missing_lines": [18, 19, 20, 21, 22, 24, 25, 26, 27, 28, 30, 31], "excluded_lines": [], "start_line": 6}, "run_output_quality_checks": {"executed_lines": [54, 55, 57, 58, 66, 68, 69, 78], "summary": {"covered_lines": 8, "num_statements": 8, "percent_covered": 100.0, "percent_covered_display": "100", "missing_lines": 0, "excluded_lines": 0, "percent_statements_covered": 100.0, "percent_statements_covered_display": "100"}, "missing_lines": [], "excluded_lines": [], "start_line": 52}, "": {"executed_lines": [3, 6, 52], "summary": {"covered_lines": 3, "num_statements": 3, "percent_covered": 100.0, "percent_covered_display": "100", "missing_lines": 0, "excluded_lines": 0, "percent_statements_covered": 100.0, "percent_statements_covered_display": "100"}, "missing_lines": [], "excluded_lines": [], "start_line": 1}}, "classes": {"": {"executed_lines": [3, 6, 13, 16, 35, 36, 37, 38, 40, 41, 42, 43, 44, 46, 47, 49, 52, 54, 55, 57, 58, 66, 68, 69, 78], "summary": {"covered_lines": 25, "num_statements": 37, "percent_covered": 67.56756756756756, "percent_covered_display": "68", "missing_lines": 12, "excluded_lines": 0, "percent_statements_covered": 67.56756756756756, "percent_statements_covered_display": "68"}, "missing_lines": [18, 19, 20, 21, 22, 24, 25, 26, 27, 28, 30, 31], "excluded_lines": [], "start_line": 1}}}, "scripts/checks/performance.py": {"executed_lines": [11, 17, 21, 26, 27, 28, 29, 30, 34, 36, 37, 43, 44, 45, 47, 50, 52, 68, 71, 72, 73, 74, 75, 77, 80, 82, 97, 100, 101, 102, 104, 105, 106, 107, 109, 111, 129, 130, 131, 132, 133, 134, 135, 137, 138, 140, 156], "summary": {"covered_lines": 47, "num_statements": 55, "percent_covered": 85.45454545454545, "percent_covered_display": "85", "missing_lines": 8, "excluded_lines": 0, "percent_statements_covered": 85.45454545454545, "percent_statements_covered_display": "85"}, "missing_lines": [38, 39, 41, 46, 48, 76, 78, 103], "excluded_lines": [], "functions": {"run_performance_checks": {"executed_lines": [21, 26, 27, 28, 29, 30, 34, 36, 37, 43, 44, 45, 47, 50, 52, 68, 71, 72, 73, 74, 75, 77, 80, 82, 97, 100, 101, 102, 104, 105, 106, 107, 109, 111, 129, 130, 131, 132, 133, 134, 135, 137, 138, 140, 156], "summary": {"covered_lines": 45, "num_statements": 53, "percent_covered": 84.90566037735849, "percent_covered_display": "85", "missing_lines": 8, "excluded_lines": 0, "percent_statements_covered": 84.90566037735849, "percent_statements_covered_display": "85"}, "missing_lines": [38, 39, 41, 46, 48, 76, 78, 103], "excluded_lines": [], "start_line": 17}, "": {"executed_lines": [11, 17], "summary": {"covered_lines": 2, "num_statements": 2, "percent_covered": 100.0, "percent_covered_display": "100", "missing_lines": 0, "excluded_lines": 0, "percent_statements_covered": 100.0, "percent_statements_covered_display": "100"}, "missing_lines": [], "excluded_lines": [], "start_line": 1}}, "classes": {"": {"executed_lines": [11, 17, 21, 26, 27, 28, 29, 30, 34, 36, 37, 43, 44, 45, 47, 50, 52, 68, 71, 72, 73, 74, 75, 77, 80, 82, 97, 100, 101, 102, 104, 105, 106, 107, 109, 111, 129, 130, 131, 132, 133, 134, 135, 137, 138, 140, 156], "summary": {"covered_lines": 47, "num_statements": 55, "percent_covered": 85.45454545454545, "percent_covered_display": "85", "missing_lines": 8, "excluded_lines": 0, "percent_statements_covered": 85.45454545454545, "percent_statements_covered_display": "85"}, "missing_lines": [38, 39, 41, 46, 48, 76, 78, 103], "excluded_lines": [], "start_line": 1}}}, "scripts/evaluate.py": {"executed_lines": [], "summary": {"covered_lines": 0, "num_statements": 219, "percent_covered": 0.0, "percent_covered_display": "0", "missing_lines": 219, "excluded_lines": 0, "percent_statements_covered": 0.0, "percent_statements_covered_display": "0"}, "missing_lines": [12, 13, 14, 15, 16, 17, 20, 22, 40, 41, 42, 43, 44, 45, 46, 47, 48, 51, 54, 55, 56, 57, 58, 61, 63, 71, 73, 74, 75, 76, 77, 78, 79, 80, 83, 85, 86, 87, 88, 89, 109, 111, 148, 150, 151, 152, 153, 155, 175, 176, 177, 178, 179, 180, 181, 182, 186, 189, 190, 191, 192, 193, 194, 197, 198, 199, 200, 201, 202, 203, 204, 205, 206, 207, 208, 209, 210, 213, 214, 215, 216, 217, 218, 219, 220, 223, 224, 225, 226, 227, 228, 229, 231, 238, 244, 246, 249, 250, 253, 254, 257, 258, 261, 262, 265, 266, 269, 270, 271, 273, 281, 283, 284, 285, 286, 287, 290, 291, 292, 293, 294, 295, 296, 297, 300, 301, 302, 303, 304, 305, 306, 309, 310, 312, 313, 314, 315, 316, 317, 319, 320, 321, 322, 323, 325, 328, 329, 330, 331, 332, 333, 335, 337, 338, 339, 340, 343, 344, 347, 352, 357, 362, 367, 372, 378, 380, 381, 384, 387, 388, 390, 391, 392, 397, 398, 400, 401, 403, 404, 405, 406, 408, 409, 410, 412, 413, 414, 417, 418, 419, 421, 422, 424, 427, 434, 435, 437, 440, 441, 442, 444, 445, 447, 448, 451, 452, 453, 455, 456, 457, 459, 460, 462, 463, 464, 465, 468, 471, 472], "excluded_lines": [], "functions": {"c": {"executed_lines": [], "summary": {"covered_lines": 0, "num_statements": 4, "percent_covered": 0.0, "percent_covered_display": "0", "missing_lines": 4, "excluded_lines": 0, "percent_statements_covered": 0.0, "percent_statements_covered_display": "0"}, "missing_lines": [55, 56, 57, 58], "excluded_lines": [], "start_line": 54}, "set_color_enabled": {"executed_lines": [], "summary": {"covered_lines": 0, "num_statements": 1, "percent_covered": 0.0, "percent_covered_display": "0", "missing_lines": 1, "excluded_lines": 0, "percent_statements_covered": 0.0, "percent_statements_covered_display": "0"}, "missing_lines": [63], "excluded_lines": [], "start_line": 61}, "determine_decision": {"executed_lines": [], "summary": {"covered_lines": 0, "num_statements": 8, "percent_covered": 0.0, "percent_covered_display": "0", "missing_lines": 8, "excluded_lines": 0, "percent_statements_covered": 0.0, "percent_statements_covered_display": "0"}, "missing_lines": [73, 74, 75, 76, 77, 78, 79, 80], "excluded_lines": [], "start_line": 71}, "generate_scorecard_json": {"executed_lines": [], "summary": {"covered_lines": 0, "num_statements": 7, "percent_covered": 0.0, "percent_covered_display": "0", "missing_lines": 7, "excluded_lines": 0, "percent_statements_covered": 0.0, "percent_statements_covered_display": "0"}, "missing_lines": [85, 86, 87, 88, 89, 109, 111], "excluded_lines": [], "start_line": 83}, "generate_scorecard_md": {"executed_lines": [], "summary": {"covered_lines": 0, "num_statements": 50, "percent_covered": 0.0, "percent_covered_display": "0", "missing_lines": 50, "excluded_lines": 0, "percent_statements_covered": 0.0, "percent_statements_covered_display": "0"}, "missing_lines": [150, 151, 152, 153, 155, 175, 176, 177, 178, 179, 180, 181, 182, 186, 189, 190, 191, 192, 193, 194, 197, 198, 199, 200, 201, 202, 203, 204, 205, 206, 207, 208, 209, 210, 213, 214, 215, 216, 217, 218, 219, 220, 223, 224, 225, 226, 227, 228, 229, 231], "excluded_lines": [], "start_line": 148}, "run_evaluation": {"executed_lines": [], "summary": {"covered_lines": 0, "num_statements": 16, "percent_covered": 0.0, "percent_covered_display": "0", "missing_lines": 16, "excluded_lines": 0, "percent_statements_covered": 0.0, "percent_statements_covered_display": "0"}, "missing_lines": [244, 246, 249, 250, 253, 254, 257, 258, 261, 262, 265, 266, 269, 270, 271, 273], "excluded_lines": [], "start_line": 238}, "print_report": {"executed_lines": [], "summary": {"covered_lines": 0, "num_statements": 45, "percent_covered": 0.0, "percent_covered_display": "0", "missing_lines": 45, "excluded_lines": 0, "percent_statements_covered": 0.0, "percent_statements_covered_display": "0"}, "missing_lines": [283, 284, 285, 286, 287, 290, 291, 292, 293, 294, 295, 296, 297, 300, 301, 302, 303, 304, 305, 306, 309, 310, 312, 313, 314, 315, 316, 317, 319, 320, 321, 322, 323, 325, 328, 329, 330, 331, 332, 333, 335, 337, 338, 339, 340], "excluded_lines": [], "start_line": 281}, "main": {"executed_lines": [], "summary": {"covered_lines": 0, "num_statements": 60, "percent_covered": 0.0, "percent_covered_display": "0", "missing_lines": 60, "excluded_lines": 0, "percent_statements_covered": 0.0, "percent_statements_covered_display": "0"}, "missing_lines": [344, 347, 352, 357, 362, 367, 372, 378, 380, 381, 384, 387, 388, 390, 391, 392, 397, 398, 400, 401, 403, 404, 405, 406, 408, 409, 410, 412, 413, 414, 417, 418, 419, 421, 422, 424, 427, 434, 435, 437, 440, 441, 442, 444, 445, 447, 448, 451, 452, 453, 455, 456, 457, 459, 460, 462, 463, 464, 465, 468], "excluded_lines": [], "start_line": 343}, "": {"executed_lines": [], "summary": {"covered_lines": 0, "num_statements": 28, "percent_covered": 0.0, "percent_covered_display": "0", "missing_lines": 28, "excluded_lines": 0, "percent_statements_covered": 0.0, "percent_statements_covered_display": "0"}, "missing_lines": [12, 13, 14, 15, 16, 17, 20, 22, 40, 41, 42, 43, 44, 45, 46, 47, 48, 51, 54, 61, 71, 83, 148, 238, 281, 343, 471, 472], "excluded_lines": [], "start_line": 1}}, "classes": {"Colors": {"executed_lines": [], "summary": {"covered_lines": 0, "num_statements": 0, "percent_covered": 100.0, "percent_covered_display": "100", "missing_lines": 0, "excluded_lines": 0, "percent_statements_covered": 100.0, "percent_statements_covered_display": "100"}, "missing_lines": [], "excluded_lines": [], "start_line": 40}, "": {"executed_lines": [], "summary": {"covered_lines": 0, "num_statements": 219, "percent_covered": 0.0, "percent_covered_display": "0", "missing_lines": 219, "excluded_lines": 0, "percent_statements_covered": 0.0, "percent_statements_covered_display": "0"}, "missing_lines": [12, 13, 14, 15, 16, 17, 20, 22, 40, 41, 42, 43, 44, 45, 46, 47, 48, 51, 54, 55, 56, 57, 58, 61, 63, 71, 73, 74, 75, 76, 77, 78, 79, 80, 83, 85, 86, 87, 88, 89, 109, 111, 148, 150, 151, 152, 153, 155, 175, 176, 177, 178, 179, 180, 181, 182, 186, 189, 190, 191, 192, 193, 194, 197, 198, 199, 200, 201, 202, 203, 204, 205, 206, 207, 208, 209, 210, 213, 214, 215, 216, 217, 218, 219, 220, 223, 224, 225, 226, 227, 228, 229, 231, 238, 244, 246, 249, 250, 253, 254, 257, 258, 261, 262, 265, 266, 269, 270, 271, 273, 281, 283, 284, 285, 286, 287, 290, 291, 292, 293, 294, 295, 296, 297, 300, 301, 302, 303, 304, 305, 306, 309, 310, 312, 313, 314, 315, 316, 317, 319, 320, 321, 322, 323, 325, 328, 329, 330, 331, 332, 333, 335, 337, 338, 339, 340, 343, 344, 347, 352, 357, 362, 367, 372, 378, 380, 381, 384, 387, 388, 390, 391, 392, 397, 398, 400, 401, 403, 404, 405, 406, 408, 409, 410, 412, 413, 414, 417, 418, 419, 421, 422, 424, 427, 434, 435, 437, 440, 441, 442, 444, 445, 447, 448, 451, 452, 453, 455, 456, 457, 459, 460, 462, 463, 464, 465, 468, 471, 472], "excluded_lines": [], "start_line": 1}}}, "scripts/security_analyzer.py": {"executed_lines": [9, 10, 11, 12, 13, 14, 15, 16, 17, 18, 19, 20, 21, 22, 24, 31, 33, 34, 35, 37, 38, 39, 40, 41, 42, 43, 45, 46, 47, 48, 51, 54, 60, 69, 77, 83, 94, 101, 107, 108, 109, 110, 111, 112, 113, 114, 116, 117, 118, 119, 122, 130, 139, 144, 165, 176, 274, 332, 350, 374, 375, 387, 388, 391, 392, 399, 400, 401, 408, 410, 411, 412, 413, 414, 416, 419, 421, 422, 424, 425, 427, 430, 432, 433, 435, 436, 437, 439, 442, 443, 446, 448, 449, 451, 452, 455, 456, 459, 460, 461, 464, 466, 467, 469, 470, 473, 474, 475, 478, 480, 483, 484, 486, 487, 489, 490, 492, 493, 495, 498, 500, 503, 504, 507, 508, 509, 511, 512, 515, 517, 520, 521, 524, 525, 526, 528, 529, 536, 537, 539, 540, 541, 542, 543, 544, 545, 546, 547, 548, 549, 550, 551, 552, 553, 554, 555, 556, 557, 558, 559, 560, 561, 563, 564, 566, 567, 569, 570, 571, 572, 573, 574, 576, 603, 604, 606, 607, 608, 609, 612, 613, 615, 616, 617, 618, 619, 620, 621, 624, 625, 627, 628, 629, 630, 631, 632, 633, 634, 637, 638, 640, 641, 642, 643, 644, 645, 646, 647, 648, 649, 650, 651, 652, 653, 654, 655, 656, 663, 665, 668, 670, 672, 673, 676, 678, 679, 687, 688, 689, 690, 693, 708, 709, 711, 712, 722, 726, 735, 736, 737, 738, 739, 749, 750, 753, 763, 764, 766, 767, 768, 769, 772, 773, 774, 775, 776, 777, 778, 783, 786, 789, 790, 791, 792, 794, 796, 797, 799, 802, 803, 804, 806, 819, 821, 824, 837, 838, 841, 842, 845, 846, 849, 850, 853, 854, 857, 858, 861, 862, 865, 866, 869, 871, 873, 875, 877, 879, 881, 883, 885, 888, 891, 893, 911, 912, 915, 917, 918, 919, 920, 921, 924, 926, 933, 935, 938, 939, 940, 942, 943, 945, 946, 947, 948, 949, 951, 952, 953, 955, 966, 968, 969, 971, 972, 974, 975, 976, 977, 978, 979, 980, 982, 983, 984, 985, 987, 988, 989, 991, 993, 994, 996, 997, 998, 999, 1000, 1001, 1003, 1004, 1006, 1007, 1009, 1014, 1015, 1016, 1017, 1019, 1030, 1031, 1038, 1045, 1046, 1049, 1050, 1051, 1052, 1054, 1072, 1075, 1086, 1087, 1090, 1091, 1092, 1093, 1094, 1097, 1100, 1101, 1103, 1104, 1105, 1106, 1107, 1108, 1109, 1112, 1115, 1116, 1118, 1119, 1120, 1121, 1122, 1123, 1124, 1125, 1127, 1128, 1129, 1130, 1131, 1133, 1143, 1144, 1147, 1148, 1149, 1150, 1151, 1152, 1153, 1156, 1157, 1160, 1163, 1164, 1166, 1173, 1393, 1395, 1396, 1397, 1424, 1426, 1437, 1440, 1441, 1442, 1443, 1444, 1456, 1468, 1469, 1470, 1482, 1483, 1484, 1491, 1525, 1536, 1604], "summary": {"covered_lines": 452, "num_statements": 714, "percent_covered": 63.30532212885154, "percent_covered_display": "63", "missing_lines": 262, "excluded_lines": 0, "percent_statements_covered": 63.30532212885154, "percent_statements_covered_display": "63"}, "missing_lines": [57, 62, 63, 64, 65, 66, 71, 72, 73, 74, 79, 80, 85, 86, 87, 88, 89, 90, 91, 96, 97, 98, 103, 124, 125, 126, 127, 132, 133, 134, 135, 136, 141, 146, 148, 149, 150, 151, 152, 153, 154, 155, 156, 158, 159, 160, 162, 167, 415, 423, 426, 440, 453, 457, 471, 481, 501, 505, 518, 522, 723, 742, 744, 745, 746, 780, 872, 874, 876, 878, 880, 882, 884, 886, 936, 1055, 1056, 1057, 1058, 1060, 1061, 1110, 1111, 1177, 1178, 1181, 1182, 1183, 1185, 1187, 1190, 1191, 1192, 1193, 1194, 1196, 1198, 1199, 1201, 1202, 1203, 1205, 1208, 1209, 1210, 1211, 1212, 1213, 1214, 1215, 1216, 1217, 1218, 1219, 1222, 1223, 1224, 1225, 1226, 1231, 1232, 1235, 1236, 1237, 1238, 1239, 1240, 1241, 1242, 1243, 1244, 1245, 1248, 1249, 1250, 1251, 1254, 1257, 1258, 1259, 1260, 1261, 1262, 1265, 1266, 1267, 1270, 1271, 1272, 1274, 1277, 1278, 1279, 1280, 1281, 1282, 1283, 1286, 1287, 1288, 1289, 1290, 1291, 1292, 1295, 1296, 1297, 1298, 1299, 1300, 1301, 1304, 1306, 1309, 1310, 1311, 1312, 1313, 1315, 1317, 1319, 1322, 1323, 1324, 1325, 1327, 1328, 1329, 1330, 1331, 1332, 1333, 1334, 1335, 1336, 1337, 1338, 1340, 1341, 1342, 1343, 1344, 1347, 1348, 1349, 1350, 1351, 1352, 1353, 1354, 1355, 1356, 1357, 1358, 1359, 1360, 1361, 1362, 1364, 1365, 1366, 1367, 1368, 1371, 1372, 1373, 1375, 1376, 1377, 1378, 1380, 1381, 1384, 1386, 1527, 1528, 1529, 1537, 1540, 1544, 1549, 1554, 1559, 1564, 1569, 1575, 1577, 1578, 1581, 1582, 1583, 1586, 1589, 1590, 1591, 1594, 1597, 1598, 1599, 1600, 1601, 1605], "excluded_lines": [], "functions": {"set_color_enabled": {"executed_lines": [], "summary": {"covered_lines": 0, "num_statements": 1, "percent_covered": 0.0, "percent_covered_display": "0", "missing_lines": 1, "excluded_lines": 0, "percent_statements_covered": 0.0, "percent_statements_covered_display": "0"}, "missing_lines": [57], "excluded_lines": [], "start_line": 54}, "get_terminal_width": {"executed_lines": [], "summary": {"covered_lines": 0, "num_statements": 5, "percent_covered": 0.0, "percent_covered_display": "0", "missing_lines": 5, "excluded_lines": 0, "percent_statements_covered": 0.0, "percent_statements_covered_display": "0"}, "missing_lines": [62, 63, 64, 65, 66], "excluded_lines": [], "start_line": 60}, "c": {"executed_lines": [], "summary": {"covered_lines": 0, "num_statements": 4, "percent_covered": 0.0, "percent_covered_display": "0", "missing_lines": 4, "excluded_lines": 0, "percent_statements_covered": 0.0, "percent_statements_covered_display": "0"}, "missing_lines": [71, 72, 73, 74], "excluded_lines": [], "start_line": 69}, "strip_ansi": {"executed_lines": [], "summary": {"covered_lines": 0, "num_statements": 2, "percent_covered": 0.0, "percent_covered_display": "0", "missing_lines": 2, "excluded_lines": 0, "percent_statements_covered": 0.0, "percent_statements_covered_display": "0"}, "missing_lines": [79, 80], "excluded_lines": [], "start_line": 77}, "truncate_path_middle": {"executed_lines": [], "summary": {"covered_lines": 0, "num_statements": 7, "percent_covered": 0.0, "percent_covered_display": "0", "missing_lines": 7, "excluded_lines": 0, "percent_statements_covered": 0.0, "percent_statements_covered_display": "0"}, "missing_lines": [85, 86, 87, 88, 89, 90, 91], "excluded_lines": [], "start_line": 83}, "format_number": {"executed_lines": [], "summary": {"covered_lines": 0, "num_statements": 3, "percent_covered": 0.0, "percent_covered_display": "0", "missing_lines": 3, "excluded_lines": 0, "percent_statements_covered": 0.0, "percent_statements_covered_display": "0"}, "missing_lines": [96, 97, 98], "excluded_lines": [], "start_line": 94}, "format_percent": {"executed_lines": [], "summary": {"covered_lines": 0, "num_statements": 1, "percent_covered": 0.0, "percent_covered_display": "0", "missing_lines": 1, "excluded_lines": 0, "percent_statements_covered": 0.0, "percent_statements_covered_display": "0"}, "missing_lines": [103], "excluded_lines": [], "start_line": 101}, "print_header": {"executed_lines": [], "summary": {"covered_lines": 0, "num_statements": 4, "percent_covered": 0.0, "percent_covered_display": "0", "missing_lines": 4, "excluded_lines": 0, "percent_statements_covered": 0.0, "percent_statements_covered_display": "0"}, "missing_lines": [124, 125, 126, 127], "excluded_lines": [], "start_line": 122}, "print_section": {"executed_lines": [], "summary": {"covered_lines": 0, "num_statements": 5, "percent_covered": 0.0, "percent_covered_display": "0", "missing_lines": 5, "excluded_lines": 0, "percent_statements_covered": 0.0, "percent_statements_covered_display": "0"}, "missing_lines": [132, 133, 134, 135, 136], "excluded_lines": [], "start_line": 130}, "print_section_end": {"executed_lines": [], "summary": {"covered_lines": 0, "num_statements": 1, "percent_covered": 0.0, "percent_covered_display": "0", "missing_lines": 1, "excluded_lines": 0, "percent_statements_covered": 0.0, "percent_statements_covered_display": "0"}, "missing_lines": [141], "excluded_lines": [], "start_line": 139}, "print_row": {"executed_lines": [], "summary": {"covered_lines": 0, "num_statements": 14, "percent_covered": 0.0, "percent_covered_display": "0", "missing_lines": 14, "excluded_lines": 0, "percent_statements_covered": 0.0, "percent_statements_covered_display": "0"}, "missing_lines": [146, 148, 149, 150, 151, 152, 153, 154, 155, 156, 158, 159, 160, 162], "excluded_lines": [], "start_line": 144}, "print_empty_row": {"executed_lines": [], "summary": {"covered_lines": 0, "num_statements": 1, "percent_covered": 0.0, "percent_covered_display": "0", "missing_lines": 1, "excluded_lines": 0, "percent_statements_covered": 0.0, "percent_statements_covered_display": "0"}, "missing_lines": [167], "excluded_lines": [], "start_line": 165}, "compute_skewness": {"executed_lines": [410, 411, 412, 413, 414, 416], "summary": {"covered_lines": 6, "num_statements": 7, "percent_covered": 85.71428571428571, "percent_covered_display": "86", "missing_lines": 1, "excluded_lines": 0, "percent_statements_covered": 85.71428571428571, "percent_statements_covered_display": "86"}, "missing_lines": [415], "excluded_lines": [], "start_line": 408}, "compute_kurtosis": {"executed_lines": [421, 422, 424, 425, 427], "summary": {"covered_lines": 5, "num_statements": 7, "percent_covered": 71.42857142857143, "percent_covered_display": "71", "missing_lines": 2, "excluded_lines": 0, "percent_statements_covered": 71.42857142857143, "percent_statements_covered_display": "71"}, "missing_lines": [423, 426], "excluded_lines": [], "start_line": 419}, "compute_gini": {"executed_lines": [432, 433, 435, 436, 437, 439, 442, 443], "summary": {"covered_lines": 8, "num_statements": 9, "percent_covered": 88.88888888888889, "percent_covered_display": "89", "missing_lines": 1, "excluded_lines": 0, "percent_statements_covered": 88.88888888888889, "percent_statements_covered_display": "89"}, "missing_lines": [440], "excluded_lines": [], "start_line": 430}, "compute_theil": {"executed_lines": [448, 449, 451, 452, 455, 456, 459, 460, 461], "summary": {"covered_lines": 9, "num_statements": 11, "percent_covered": 81.81818181818181, "percent_covered_display": "82", "missing_lines": 2, "excluded_lines": 0, "percent_statements_covered": 81.81818181818181, "percent_statements_covered_display": "82"}, "missing_lines": [453, 457], "excluded_lines": [], "start_line": 446}, "compute_hoover": {"executed_lines": [466, 467, 469, 470, 473, 474, 475], "summary": {"covered_lines": 7, "num_statements": 8, "percent_covered": 87.5, "percent_covered_display": "88", "missing_lines": 1, "excluded_lines": 0, "percent_statements_covered": 87.5, "percent_statements_covered_display": "88"}, "missing_lines": [471], "excluded_lines": [], "start_line": 464}, "compute_palma": {"executed_lines": [480, 483, 484, 486, 487, 489, 490, 492, 493, 495], "summary": {"covered_lines": 10, "num_statements": 11, "percent_covered": 90.9090909090909, "percent_covered_display": "91", "missing_lines": 1, "excluded_lines": 0, "percent_statements_covered": 90.9090909090909, "percent_statements_covered_display": "91"}, "missing_lines": [481], "excluded_lines": [], "start_line": 478}, "compute_top_share": {"executed_lines": [500, 503, 504, 507, 508, 509, 511, 512], "summary": {"covered_lines": 8, "num_statements": 10, "percent_covered": 80.0, "percent_covered_display": "80", "missing_lines": 2, "excluded_lines": 0, "percent_statements_covered": 80.0, "percent_statements_covered_display": "80"}, "missing_lines": [501, 505], "excluded_lines": [], "start_line": 498}, "compute_bottom_share": {"executed_lines": [517, 520, 521, 524, 525, 526, 528, 529], "summary": {"covered_lines": 8, "num_statements": 10, "percent_covered": 80.0, "percent_covered_display": "80", "missing_lines": 2, "excluded_lines": 0, "percent_statements_covered": 80.0, "percent_statements_covered_display": "80"}, "missing_lines": [518, 522], "excluded_lines": [], "start_line": 515}, "Distribution.from_values": {"executed_lines": [566, 567, 569, 570, 571, 572, 573, 574, 576], "summary": {"covered_lines": 9, "num_statements": 9, "percent_covered": 100.0, "percent_covered_display": "100", "missing_lines": 0, "excluded_lines": 0, "percent_statements_covered": 100.0, "percent_statements_covered_display": "100"}, "missing_lines": [], "excluded_lines": [], "start_line": 564}, "get_devskim_cmd": {"executed_lines": [665], "summary": {"covered_lines": 1, "num_statements": 1, "percent_covered": 100.0, "percent_covered_display": "100", "missing_lines": 0, "excluded_lines": 0, "percent_statements_covered": 100.0, "percent_statements_covered_display": "100"}, "missing_lines": [], "excluded_lines": [], "start_line": 663}, "get_devskim_env": {"executed_lines": [670, 672, 673], "summary": {"covered_lines": 3, "num_statements": 3, "percent_covered": 100.0, "percent_covered_display": "100", "missing_lines": 0, "excluded_lines": 0, "percent_statements_covered": 100.0, "percent_statements_covered_display": "100"}, "missing_lines": [], "excluded_lines": [], "start_line": 668}, "get_devskim_version": {"executed_lines": [678, 679, 687, 688, 689, 690], "summary": {"covered_lines": 6, "num_statements": 6, "percent_covered": 100.0, "percent_covered_display": "100", "missing_lines": 0, "excluded_lines": 0, "percent_statements_covered": 100.0, "percent_statements_covered_display": "100"}, "missing_lines": [], "excluded_lines": [], "start_line": 676}, "run_devskim": {"executed_lines": [708, 709, 711, 712, 722, 726, 735, 736, 737, 738, 739, 749, 750], "summary": {"covered_lines": 13, "num_statements": 18, "percent_covered": 72.22222222222223, "percent_covered_display": "72", "missing_lines": 5, "excluded_lines": 0, "percent_statements_covered": 72.22222222222223, "percent_statements_covered_display": "72"}, "missing_lines": [723, 742, 744, 745, 746], "excluded_lines": [], "start_line": 693}, "parse_sarif_results": {"executed_lines": [763, 764, 766, 767, 768, 769, 772, 773, 774, 775, 776, 777, 778, 783, 786, 789, 790, 791, 792, 794, 796, 797, 799, 802, 803, 804, 806, 819, 821], "summary": {"covered_lines": 29, "num_statements": 30, "percent_covered": 96.66666666666667, "percent_covered_display": "97", "missing_lines": 1, "excluded_lines": 0, "percent_statements_covered": 96.66666666666667, "percent_statements_covered_display": "97"}, "missing_lines": [780], "excluded_lines": [], "start_line": 753}, "map_rule_to_category": {"executed_lines": [837, 838, 841, 842, 845, 846, 849, 850, 853, 854, 857, 858, 861, 862, 865, 866, 869, 871, 873, 875, 877, 879, 881, 883, 885, 888], "summary": {"covered_lines": 26, "num_statements": 34, "percent_covered": 76.47058823529412, "percent_covered_display": "76", "missing_lines": 8, "excluded_lines": 0, "percent_statements_covered": 76.47058823529412, "percent_statements_covered_display": "76"}, "missing_lines": [872, 874, 876, 878, 880, 882, 884, 886], "excluded_lines": [], "start_line": 824}, "detect_language": {"executed_lines": [893, 911, 912], "summary": {"covered_lines": 3, "num_statements": 3, "percent_covered": 100.0, "percent_covered_display": "100", "missing_lines": 0, "excluded_lines": 0, "percent_statements_covered": 100.0, "percent_statements_covered_display": "100"}, "missing_lines": [], "excluded_lines": [], "start_line": 891}, "count_lines": {"executed_lines": [917, 918, 919, 920, 921], "summary": {"covered_lines": 5, "num_statements": 5, "percent_covered": 100.0, "percent_covered_display": "100", "missing_lines": 0, "excluded_lines": 0, "percent_statements_covered": 100.0, "percent_statements_covered_display": "100"}, "missing_lines": [], "excluded_lines": [], "start_line": 915}, "compute_distribution": {"executed_lines": [926], "summary": {"covered_lines": 1, "num_statements": 1, "percent_covered": 100.0, "percent_covered_display": "100", "missing_lines": 0, "excluded_lines": 0, "percent_statements_covered": 100.0, "percent_statements_covered_display": "100"}, "missing_lines": [], "excluded_lines": [], "start_line": 924}, "compute_directory_issue_stats": {"executed_lines": [935, 938, 939, 940, 942, 943, 945, 946, 947, 948, 949, 951, 952, 953, 955], "summary": {"covered_lines": 15, "num_statements": 16, "percent_covered": 93.75, "percent_covered_display": "94", "missing_lines": 1, "excluded_lines": 0, "percent_statements_covered": 93.75, "percent_statements_covered_display": "94"}, "missing_lines": [936], "excluded_lines": [], "start_line": 933}, "build_directory_entries": {"executed_lines": [968, 969, 971, 972, 974, 975, 976, 977, 978, 979, 980, 982, 983, 984, 985, 987, 988, 989, 991, 993, 994, 996, 997, 998, 999, 1000, 1001, 1003, 1004, 1006, 1007, 1009, 1014, 1015, 1016, 1017, 1019, 1030, 1031], "summary": {"covered_lines": 39, "num_statements": 39, "percent_covered": 100.0, "percent_covered_display": "100", "missing_lines": 0, "excluded_lines": 0, "percent_statements_covered": 100.0, "percent_statements_covered_display": "100"}, "missing_lines": [], "excluded_lines": [], "start_line": 966}, "analyze_with_devskim": {"executed_lines": [1045, 1046, 1049, 1050, 1051, 1052, 1054, 1072, 1075, 1086, 1087, 1090, 1091, 1092, 1093, 1094, 1097, 1100, 1101, 1103, 1104, 1105, 1106, 1107, 1108, 1109, 1112, 1115, 1116, 1118, 1119, 1120, 1121, 1122, 1123, 1124, 1125, 1127, 1128, 1129, 1130, 1131, 1133, 1143, 1144, 1147, 1148, 1149, 1150, 1151, 1152, 1153, 1156, 1157, 1160, 1163, 1164, 1166], "summary": {"covered_lines": 58, "num_statements": 66, "percent_covered": 87.87878787878788, "percent_covered_display": "88", "missing_lines": 8, "excluded_lines": 0, "percent_statements_covered": 87.87878787878788, "percent_statements_covered_display": "88"}, "missing_lines": [1055, 1056, 1057, 1058, 1060, 1061, 1110, 1111], "excluded_lines": [], "start_line": 1038}, "display_dashboard": {"executed_lines": [], "summary": {"covered_lines": 0, "num_statements": 151, "percent_covered": 0.0, "percent_covered_display": "0", "missing_lines": 151, "excluded_lines": 0, "percent_statements_covered": 0.0, "percent_statements_covered_display": "0"}, "missing_lines": [1177, 1178, 1181, 1182, 1183, 1185, 1187, 1190, 1191, 1192, 1193, 1194, 1196, 1198, 1199, 1201, 1202, 1203, 1205, 1208, 1209, 1210, 1211, 1212, 1213, 1214, 1215, 1216, 1217, 1218, 1219, 1222, 1223, 1224, 1225, 1226, 1231, 1232, 1235, 1236, 1237, 1238, 1239, 1240, 1241, 1242, 1243, 1244, 1245, 1248, 1249, 1250, 1251, 1254, 1257, 1258, 1259, 1260, 1261, 1262, 1265, 1266, 1267, 1270, 1271, 1272, 1274, 1277, 1278, 1279, 1280, 1281, 1282, 1283, 1286, 1287, 1288, 1289, 1290, 1291, 1292, 1295, 1296, 1297, 1298, 1299, 1300, 1301, 1304, 1306, 1309, 1310, 1311, 1312, 1313, 1315, 1317, 1319, 1322, 1323, 1324, 1325, 1327, 1328, 1329, 1330, 1331, 1332, 1333, 1334, 1335, 1336, 1337, 1338, 1340, 1341, 1342, 1343, 1344, 1347, 1348, 1349, 1350, 1351, 1352, 1353, 1354, 1355, 1356, 1357, 1358, 1359, 1360, 1361, 1362, 1364, 1365, 1366, 1367, 1368, 1371, 1372, 1373, 1375, 1376, 1377, 1378, 1380, 1381, 1384, 1386], "excluded_lines": [], "start_line": 1173}, "distribution_to_dict": {"executed_lines": [1395, 1396, 1397], "summary": {"covered_lines": 3, "num_statements": 3, "percent_covered": 100.0, "percent_covered_display": "100", "missing_lines": 0, "excluded_lines": 0, "percent_statements_covered": 100.0, "percent_statements_covered_display": "100"}, "missing_lines": [], "excluded_lines": [], "start_line": 1393}, "directory_stats_to_dict": {"executed_lines": [1426], "summary": {"covered_lines": 1, "num_statements": 1, "percent_covered": 100.0, "percent_covered_display": "100", "missing_lines": 0, "excluded_lines": 0, "percent_statements_covered": 100.0, "percent_statements_covered_display": "100"}, "missing_lines": [], "excluded_lines": [], "start_line": 1424}, "result_to_dict": {"executed_lines": [1440, 1441, 1442, 1443, 1444, 1456, 1468, 1469, 1470, 1482, 1483, 1484, 1491], "summary": {"covered_lines": 13, "num_statements": 13, "percent_covered": 100.0, "percent_covered_display": "100", "missing_lines": 0, "excluded_lines": 0, "percent_statements_covered": 100.0, "percent_statements_covered_display": "100"}, "missing_lines": [], "excluded_lines": [], "start_line": 1437}, "save_output": {"executed_lines": [], "summary": {"covered_lines": 0, "num_statements": 3, "percent_covered": 0.0, "percent_covered_display": "0", "missing_lines": 3, "excluded_lines": 0, "percent_statements_covered": 0.0, "percent_statements_covered_display": "0"}, "missing_lines": [1527, 1528, 1529], "excluded_lines": [], "start_line": 1525}, "main": {"executed_lines": [], "summary": {"covered_lines": 0, "num_statements": 24, "percent_covered": 0.0, "percent_covered_display": "0", "missing_lines": 24, "excluded_lines": 0, "percent_statements_covered": 0.0, "percent_statements_covered_display": "0"}, "missing_lines": [1537, 1540, 1544, 1549, 1554, 1559, 1564, 1569, 1575, 1577, 1578, 1581, 1582, 1583, 1586, 1589, 1590, 1591, 1594, 1597, 1598, 1599, 1600, 1601], "excluded_lines": [], "start_line": 1536}, "": {"executed_lines": [9, 10, 11, 12, 13, 14, 15, 16, 17, 18, 19, 20, 21, 22, 24, 31, 33, 34, 35, 37, 38, 39, 40, 41, 42, 43, 45, 46, 47, 48, 51, 54, 60, 69, 77, 83, 94, 101, 107, 108, 109, 110, 111, 112, 113, 114, 116, 117, 118, 119, 122, 130, 139, 144, 165, 176, 274, 332, 350, 374, 375, 387, 388, 391, 392, 399, 400, 401, 408, 419, 430, 446, 464, 478, 498, 515, 536, 537, 539, 540, 541, 542, 543, 544, 545, 546, 547, 548, 549, 550, 551, 552, 553, 554, 555, 556, 557, 558, 559, 560, 561, 563, 564, 603, 604, 606, 607, 608, 609, 612, 613, 615, 616, 617, 618, 619, 620, 621, 624, 625, 627, 628, 629, 630, 631, 632, 633, 634, 637, 638, 640, 641, 642, 643, 644, 645, 646, 647, 648, 649, 650, 651, 652, 653, 654, 655, 656, 663, 668, 676, 693, 753, 824, 891, 915, 924, 933, 966, 1038, 1173, 1393, 1424, 1437, 1525, 1536, 1604], "summary": {"covered_lines": 166, "num_statements": 167, "percent_covered": 99.40119760479043, "percent_covered_display": "99", "missing_lines": 1, "excluded_lines": 0, "percent_statements_covered": 99.40119760479043, "percent_statements_covered_display": "99"}, "missing_lines": [1605], "excluded_lines": [], "start_line": 1}}, "classes": {"Colors": {"executed_lines": [], "summary": {"covered_lines": 0, "num_statements": 0, "percent_covered": 100.0, "percent_covered_display": "100", "missing_lines": 0, "excluded_lines": 0, "percent_statements_covered": 100.0, "percent_statements_covered_display": "100"}, "missing_lines": [], "excluded_lines": [], "start_line": 31}, "SecurityFinding": {"executed_lines": [], "summary": {"covered_lines": 0, "num_statements": 0, "percent_covered": 100.0, "percent_covered_display": "100", "missing_lines": 0, "excluded_lines": 0, "percent_statements_covered": 100.0, "percent_statements_covered_display": "100"}, "missing_lines": [], "excluded_lines": [], "start_line": 375}, "FileStats": {"executed_lines": [], "summary": {"covered_lines": 0, "num_statements": 0, "percent_covered": 100.0, "percent_covered_display": "100", "missing_lines": 0, "excluded_lines": 0, "percent_statements_covered": 100.0, "percent_statements_covered_display": "100"}, "missing_lines": [], "excluded_lines": [], "start_line": 392}, "Distribution": {"executed_lines": [566, 567, 569, 570, 571, 572, 573, 574, 576], "summary": {"covered_lines": 9, "num_statements": 9, "percent_covered": 100.0, "percent_covered_display": "100", "missing_lines": 0, "excluded_lines": 0, "percent_statements_covered": 100.0, "percent_statements_covered_display": "100"}, "missing_lines": [], "excluded_lines": [], "start_line": 537}, "LanguageStats": {"executed_lines": [], "summary": {"covered_lines": 0, "num_statements": 0, "percent_covered": 100.0, "percent_covered_display": "100", "missing_lines": 0, "excluded_lines": 0, "percent_statements_covered": 100.0, "percent_statements_covered_display": "100"}, "missing_lines": [], "excluded_lines": [], "start_line": 604}, "DirectoryStats": {"executed_lines": [], "summary": {"covered_lines": 0, "num_statements": 0, "percent_covered": 100.0, "percent_covered_display": "100", "missing_lines": 0, "excluded_lines": 0, "percent_statements_covered": 100.0, "percent_statements_covered_display": "100"}, "missing_lines": [], "excluded_lines": [], "start_line": 613}, "DirectoryEntry": {"executed_lines": [], "summary": {"covered_lines": 0, "num_statements": 0, "percent_covered": 100.0, "percent_covered_display": "100", "missing_lines": 0, "excluded_lines": 0, "percent_statements_covered": 100.0, "percent_statements_covered_display": "100"}, "missing_lines": [], "excluded_lines": [], "start_line": 625}, "AnalysisResult": {"executed_lines": [], "summary": {"covered_lines": 0, "num_statements": 0, "percent_covered": 100.0, "percent_covered_display": "100", "missing_lines": 0, "excluded_lines": 0, "percent_statements_covered": 100.0, "percent_statements_covered_display": "100"}, "missing_lines": [], "excluded_lines": [], "start_line": 638}, "": {"executed_lines": [9, 10, 11, 12, 13, 14, 15, 16, 17, 18, 19, 20, 21, 22, 24, 31, 33, 34, 35, 37, 38, 39, 40, 41, 42, 43, 45, 46, 47, 48, 51, 54, 60, 69, 77, 83, 94, 101, 107, 108, 109, 110, 111, 112, 113, 114, 116, 117, 118, 119, 122, 130, 139, 144, 165, 176, 274, 332, 350, 374, 375, 387, 388, 391, 392, 399, 400, 401, 408, 410, 411, 412, 413, 414, 416, 419, 421, 422, 424, 425, 427, 430, 432, 433, 435, 436, 437, 439, 442, 443, 446, 448, 449, 451, 452, 455, 456, 459, 460, 461, 464, 466, 467, 469, 470, 473, 474, 475, 478, 480, 483, 484, 486, 487, 489, 490, 492, 493, 495, 498, 500, 503, 504, 507, 508, 509, 511, 512, 515, 517, 520, 521, 524, 525, 526, 528, 529, 536, 537, 539, 540, 541, 542, 543, 544, 545, 546, 547, 548, 549, 550, 551, 552, 553, 554, 555, 556, 557, 558, 559, 560, 561, 563, 564, 603, 604, 606, 607, 608, 609, 612, 613, 615, 616, 617, 618, 619, 620, 621, 624, 625, 627, 628, 629, 630, 631, 632, 633, 634, 637, 638, 640, 641, 642, 643, 644, 645, 646, 647, 648, 649, 650, 651, 652, 653, 654, 655, 656, 663, 665, 668, 670, 672, 673, 676, 678, 679, 687, 688, 689, 690, 693, 708, 709, 711, 712, 722, 726, 735, 736, 737, 738, 739, 749, 750, 753, 763, 764, 766, 767, 768, 769, 772, 773, 774, 775, 776, 777, 778, 783, 786, 789, 790, 791, 792, 794, 796, 797, 799, 802, 803, 804, 806, 819, 821, 824, 837, 838, 841, 842, 845, 846, 849, 850, 853, 854, 857, 858, 861, 862, 865, 866, 869, 871, 873, 875, 877, 879, 881, 883, 885, 888, 891, 893, 911, 912, 915, 917, 918, 919, 920, 921, 924, 926, 933, 935, 938, 939, 940, 942, 943, 945, 946, 947, 948, 949, 951, 952, 953, 955, 966, 968, 969, 971, 972, 974, 975, 976, 977, 978, 979, 980, 982, 983, 984, 985, 987, 988, 989, 991, 993, 994, 996, 997, 998, 999, 1000, 1001, 1003, 1004, 1006, 1007, 1009, 1014, 1015, 1016, 1017, 1019, 1030, 1031, 1038, 1045, 1046, 1049, 1050, 1051, 1052, 1054, 1072, 1075, 1086, 1087, 1090, 1091, 1092, 1093, 1094, 1097, 1100, 1101, 1103, 1104, 1105, 1106, 1107, 1108, 1109, 1112, 1115, 1116, 1118, 1119, 1120, 1121, 1122, 1123, 1124, 1125, 1127, 1128, 1129, 1130, 1131, 1133, 1143, 1144, 1147, 1148, 1149, 1150, 1151, 1152, 1153, 1156, 1157, 1160, 1163, 1164, 1166, 1173, 1393, 1395, 1396, 1397, 1424, 1426, 1437, 1440, 1441, 1442, 1443, 1444, 1456, 1468, 1469, 1470, 1482, 1483, 1484, 1491, 1525, 1536, 1604], "summary": {"covered_lines": 443, "num_statements": 705, "percent_covered": 62.836879432624116, "percent_covered_display": "63", "missing_lines": 262, "excluded_lines": 0, "percent_statements_covered": 62.836879432624116, "percent_statements_covered_display": "63"}, "missing_lines": [57, 62, 63, 64, 65, 66, 71, 72, 73, 74, 79, 80, 85, 86, 87, 88, 89, 90, 91, 96, 97, 98, 103, 124, 125, 126, 127, 132, 133, 134, 135, 136, 141, 146, 148, 149, 150, 151, 152, 153, 154, 155, 156, 158, 159, 160, 162, 167, 415, 423, 426, 440, 453, 457, 471, 481, 501, 505, 518, 522, 723, 742, 744, 745, 746, 780, 872, 874, 876, 878, 880, 882, 884, 886, 936, 1055, 1056, 1057, 1058, 1060, 1061, 1110, 1111, 1177, 1178, 1181, 1182, 1183, 1185, 1187, 1190, 1191, 1192, 1193, 1194, 1196, 1198, 1199, 1201, 1202, 1203, 1205, 1208, 1209, 1210, 1211, 1212, 1213, 1214, 1215, 1216, 1217, 1218, 1219, 1222, 1223, 1224, 1225, 1226, 1231, 1232, 1235, 1236, 1237, 1238, 1239, 1240, 1241, 1242, 1243, 1244, 1245, 1248, 1249, 1250, 1251, 1254, 1257, 1258, 1259, 1260, 1261, 1262, 1265, 1266, 1267, 1270, 1271, 1272, 1274, 1277, 1278, 1279, 1280, 1281, 1282, 1283, 1286, 1287, 1288, 1289, 1290, 1291, 1292, 1295, 1296, 1297, 1298, 1299, 1300, 1301, 1304, 1306, 1309, 1310, 1311, 1312, 1313, 1315, 1317, 1319, 1322, 1323, 1324, 1325, 1327, 1328, 1329, 1330, 1331, 1332, 1333, 1334, 1335, 1336, 1337, 1338, 1340, 1341, 1342, 1343, 1344, 1347, 1348, 1349, 1350, 1351, 1352, 1353, 1354, 1355, 1356, 1357, 1358, 1359, 1360, 1361, 1362, 1364, 1365, 1366, 1367, 1368, 1371, 1372, 1373, 1375, 1376, 1377, 1378, 1380, 1381, 1384, 1386, 1527, 1528, 1529, 1537, 1540, 1544, 1549, 1554, 1559, 1564, 1569, 1575, 1577, 1578, 1581, 1582, 1583, 1586, 1589, 1590, 1591, 1594, 1597, 1598, 1599, 1600, 1601, 1605], "excluded_lines": [], "start_line": 1}}}}, "totals": {"covered_lines": 853, "num_statements": 1505, "percent_covered": 56.67774086378738, "percent_covered_display": "57", "missing_lines": 652, "excluded_lines": 0, "percent_statements_covered": 56.67774086378738, "percent_statements_covered_display": "57"}}