<?xml version="1.0" encoding="UTF-8"?>
<!DOCTYPE coverage SYSTEM "http://cobertura.sourceforge.net/xml/coverage-04.dtd">
<coverage line-rate="0.35" branch-rate="0" version="1.0" timestamp="1707494400000">
    <sources>
        <source>src</source>
    </sources>
    <packages>
        <package name="src" line-rate="0.35" branch-rate="0" complexity="0">
            <classes>
                <class name="service_a.py" filename="src/service_a.py" line-rate="0.25" branch-rate="0" complexity="0">
                    <methods/>
                    <lines>
                        <line number="1" hits="5"/>
                        <line number="2" hits="5"/>
                        <line number="3" hits="5"/>
                        <line number="4" hits="5"/>
                        <line number="5" hits="5"/>
                        <line number="6" hits="0"/>
                        <line number="7" hits="0"/>
                        <line number="8" hits="0"/>
                        <line number="9" hits="0"/>
                        <line number="10" hits="0"/>
                        <line number="11" hits="0"/>
                        <line number="12" hits="0"/>
                        <line number="13" hits="0"/>
                        <line number="14" hits="0"/>
                        <line number="15" hits="0"/>
                        <line number="16" hits="0"/>
                        <line number="17" hits="0"/>
                        <line number="18" hits="0"/>
                        <line number="19" hits="0"/>
                        <line number="20" hits="0"/>
                    </lines>
                </class>
                <class name="service_b.py" filename="src/service_b.py" line-rate="0.35" branch-rate="0" complexity="0">
                    <methods/>
                    <lines>
                        <line number="1" hits="7"/>
                        <line number="2" hits="7"/>
                        <line number="3" hits="7"/>
                        <line number="4" hits="7"/>
                        <line number="5" hits="7"/>
                        <line number="6" hits="7"/>
                        <line number="7" hits="7"/>
                        <line number="8" hits="0"/>
                        <line number="9" hits="0"/>
                        <line number="10" hits="0"/>
                        <line number="11" hits="0"/>
                        <line number="12" hits="0"/>
                        <line number="13" hits="0"/>
                        <line number="14" hits="0"/>
                        <line number="15" hits="0"/>
                        <line number="16" hits="0"/>
                        <line number="17" hits="0"/>
                        <line number="18" hits="0"/>
                        <line number="19" hits="0"/>
                        <line number="20" hits="0"/>
                    </lines>
                </class>
                <class name="service_c.py" filename="src/service_c.py" line-rate="0.45" branch-rate="0" complexity="0">
                    <methods/>
                    <lines>
                        <line number="1" hits="9"/>
                        <line number="2" hits="9"/>
                        <line number="3" hits="9"/>
                        <line number="4" hits="9"/>
                        <line number="5" hits="9"/>
                        <line number="6" hits="9"/>
                        <line number="7" hits="9"/>
                        <line number="8" hits="9"/>
                        <line number="9" hits="9"/>
                        <line number="10" hits="0"/>
                        <line number="11" hits="0"/>
                        <line number="12" hits="0"/>
                        <line number="13" hits="0"/>
                        <line number="14" hits="0"/>
                        <line number="15" hits="0"/>
                        <line number="16" hits="0"/>
                        <line number="17" hits="0"/>
                        <line number="18" hits="0"/>
                        <line number="19" hits="0"/>
                        <line number="20" hits="0"/>
                    </lines>
                </class>
            </classes>
        </package>
    </packages>
</coverage>
