<?xml version="1.0" encoding="UTF-8"?>
<!DOCTYPE coverage SYSTEM "http://cobertura.sourceforge.net/xml/coverage-04.dtd">
<coverage line-rate="0.675" branch-rate="0" version="1.0" timestamp="1707494400000">
    <sources>
        <source>src</source>
    </sources>
    <packages>
        <package name="src.utils" line-rate="1.0" branch-rate="0" complexity="0">
            <classes>
                <class name="helpers.py" filename="src/utils/helpers.py" line-rate="1.0" branch-rate="0" complexity="0">
                    <methods/>
                    <lines>
                        <line number="1" hits="10"/>
                        <line number="2" hits="10"/>
                        <line number="3" hits="10"/>
                        <line number="4" hits="10"/>
                        <line number="5" hits="10"/>
                    </lines>
                </class>
            </classes>
        </package>
        <package name="src.core" line-rate="0.7" branch-rate="0" complexity="0">
            <classes>
                <class name="engine.py" filename="src/core/engine.py" line-rate="0.7" branch-rate="0" complexity="0">
                    <methods/>
                    <lines>
                        <line number="1" hits="7"/>
                        <line number="2" hits="7"/>
                        <line number="3" hits="7"/>
                        <line number="4" hits="0"/>
                        <line number="5" hits="0"/>
                        <line number="6" hits="7"/>
                        <line number="7" hits="7"/>
                        <line number="8" hits="7"/>
                        <line number="9" hits="7"/>
                        <line number="10" hits="7"/>
                        <line number="11" hits="7"/>
                        <line number="12" hits="7"/>
                        <line number="13" hits="7"/>
                        <line number="14" hits="7"/>
                        <line number="15" hits="3"/>
                        <line number="16" hits="3"/>
                        <line number="17" hits="3"/>
                        <line number="18" hits="0"/>
                        <line number="19" hits="0"/>
                        <line number="20" hits="0"/>
                    </lines>
                </class>
            </classes>
        </package>
        <package name="src.models" line-rate="0.533" branch-rate="0" complexity="0">
            <classes>
                <class name="user.py" filename="src/models/user.py" line-rate="0.533" branch-rate="0" complexity="0">
                    <methods/>
                    <lines>
                        <line number="1" hits="15"/>
                        <line number="2" hits="15"/>
                        <line number="3" hits="15"/>
                        <line number="4" hits="15"/>
                        <line number="5" hits="15"/>
                        <line number="6" hits="15"/>
                        <line number="7" hits="15"/>
                        <line number="8" hits="15"/>
                        <line number="9" hits="0"/>
                        <line number="10" hits="0"/>
                        <line number="11" hits="0"/>
                        <line number="12" hits="0"/>
                        <line number="13" hits="0"/>
                        <line number="14" hits="0"/>
                        <line number="15" hits="0"/>
                    </lines>
                </class>
            </classes>
        </package>
    </packages>
</coverage>
