TN:caldera_self_coverage
SF:src/sot-engine/orchestrator.py
FN:1,main
FNDA:10,main
FNF:1
FNH:1
DA:1,10
DA:2,10
DA:3,10
DA:4,10
DA:5,10
DA:10,8
DA:20,6
DA:30,4
DA:40,2
DA:50,0
LF:10
LH:9
BRDA:10,0,0,8
BRDA:10,0,1,2
BRDA:20,0,0,6
BRDA:20,0,1,0
BRF:4
BRH:3
end_of_record
SF:src/common/path_normalization.py
FN:1,normalize_path
FNDA:20,normalize_path
FNF:1
FNH:1
DA:1,20
DA:2,20
DA:3,20
DA:4,15
DA:5,15
DA:6,10
DA:7,10
DA:8,10
LF:8
LH:8
BRDA:4,0,0,15
BRDA:4,0,1,5
BRF:2
BRH:2
end_of_record
SF:src/sot-engine/persistence/entities.py
FN:1,CollectionRun
FNDA:5,CollectionRun
FNF:1
FNH:1
DA:1,5
DA:2,5
DA:3,5
DA:4,5
DA:5,5
DA:10,3
DA:20,3
DA:30,0
LF:8
LH:7
BRDA:10,0,0,3
BRDA:10,0,1,2
BRF:2
BRH:2
end_of_record
SF:src/sot-engine/persistence/repositories.py
FN:1,insert_collection_run
FNDA:8,insert_collection_run
FNF:1
FNH:1
DA:1,8
DA:2,8
DA:3,8
DA:4,6
DA:5,6
DA:6,4
DA:7,0
DA:8,0
LF:8
LH:6
BRDA:4,0,0,6
BRDA:4,0,1,2
BRDA:6,0,0,4
BRDA:6,0,1,0
BRF:4
BRH:3
end_of_record
SF:Makefile
DA:1,1
LF:1
LH:1
BRF:0
BRH:0
end_of_record
