TN:edge_case_test
SF:src/empty_file.py
LF:0
LH:0
end_of_record
SF:src/fully_covered.py
FN:1,complete
FNDA:100,complete
FNF:1
FNH:1
DA:1,100
DA:2,100
DA:3,100
DA:4,100
DA:5,100
LF:5
LH:5
end_of_record
SF:src/no_coverage.py
FN:1,untested
FNDA:0,untested
FNF:1
FNH:0
DA:1,0
DA:2,0
DA:3,0
DA:4,0
DA:5,0
DA:6,0
DA:7,0
DA:8,0
LF:8
LH:0
end_of_record
SF:src/тест_unicode.py
FN:1,тест_функция
FNDA:3,тест_функция
FNF:1
FNH:1
DA:1,3
DA:2,3
DA:3,0
DA:4,3
LF:4
LH:3
end_of_record
SF:src/path with spaces/test file (1).py
FN:1,spaced_func
FNDA:2,spaced_func
FNF:1
FNH:1
DA:1,2
DA:2,2
DA:3,2
LF:3
LH:3
end_of_record
SF:src/a/b/c/d/e/f/g/h/i/j/deep_nested.py
FN:1,deep_func
FNDA:1,deep_func
FNF:1
FNH:1
DA:1,1
DA:2,1
DA:3,0
DA:4,0
DA:5,1
LF:5
LH:3
end_of_record
