TN:multi_file_test
SF:src/utils/helpers.py
FN:1,format_string
FNDA:10,format_string
FNF:1
FNH:1
DA:1,10
DA:2,10
DA:3,10
DA:4,10
DA:5,10
LF:5
LH:5
end_of_record
SF:src/core/engine.py
FN:1,process
FN:15,validate
FNDA:7,process
FNDA:3,validate
FNF:2
FNH:2
DA:1,7
DA:2,7
DA:3,7
DA:4,0
DA:5,0
DA:6,7
DA:7,7
DA:8,7
DA:9,7
DA:10,7
DA:11,7
DA:12,7
DA:13,7
DA:14,7
DA:15,3
DA:16,3
DA:17,3
DA:18,0
DA:19,0
DA:20,0
LF:20
LH:14
end_of_record
SF:src/models/user.py
FN:1,__init__
FN:10,validate
FNDA:15,__init__
FNDA:0,validate
FNF:2
FNH:1
DA:1,15
DA:2,15
DA:3,15
DA:4,15
DA:5,15
DA:6,15
DA:7,15
DA:8,15
DA:9,0
DA:10,0
DA:11,0
DA:12,0
DA:13,0
DA:14,0
DA:15,0
LF:15
LH:8
end_of_record
